<?xml version="1.0" encoding="UTF-8" standalone="yes"?>
<ns2:test-suite start="1574954927866" stop="1574955028099" version="1.5.0" xmlns:ns2="urn:model.allure.qatools.yandex.ru">
    <name>Default Suite : MCP</name>
    <title>Default Suite : MCP</title>
    <test-cases>
        <test-case start="1574954934985" stop="1574955027253" status="broken">
            <name>UI_BahnBonus_NVS_SBB_PAO_MultiSegWithBahnBonus_OW_1A</name>
            <failure>
                <message>NoSuchElementException: Timed out after 5 seconds. Unable to locate the element</message>
                <stack-trace>org.openqa.selenium.NoSuchElementException: Timed out after 5 seconds. Unable to locate the element
	at org.openqa.selenium.support.pagefactory.AjaxElementLocator.findElement(AjaxElementLocator.java:90)
	at org.openqa.selenium.support.pagefactory.internal.LocatingElementHandler.invoke(LocatingElementHandler.java:38)
	at ru.yandex.qatools.htmlelements.loader.decorator.proxyhandlers.WebElementNamedProxyHandler.invoke(WebElementNamedProxyHandler.java:44)
	at com.sun.proxy.$Proxy11.getText(Unknown Source)
	at pages.PassengerDetailsPage.getBahnBonusTittle(PassengerDetailsPage.java:218)
	at tests.dbmcpCC.BahnBonusPointsUITests.UI_BahnBonus_NVS_SBB_PAO_MultiSegWithBahnBonus_OW_1A(BahnBonusPointsUITests.java:266)
	at sun.reflect.NativeMethodAccessorImpl.invoke0(Native Method)
	at sun.reflect.NativeMethodAccessorImpl.invoke(NativeMethodAccessorImpl.java:62)
	at sun.reflect.DelegatingMethodAccessorImpl.invoke(DelegatingMethodAccessorImpl.java:43)
	at java.lang.reflect.Method.invoke(Method.java:498)
	at org.testng.internal.MethodInvocationHelper.invokeMethod(MethodInvocationHelper.java:104)
	at org.testng.internal.Invoker.invokeMethod(Invoker.java:645)
	at org.testng.internal.Invoker.invokeTestMethod(Invoker.java:851)
	at org.testng.internal.Invoker.invokeTestMethods(Invoker.java:1177)
	at org.testng.internal.TestMethodWorker.invokeTestMethods(TestMethodWorker.java:129)
	at org.testng.internal.TestMethodWorker.run(TestMethodWorker.java:112)
	at org.testng.TestRunner.privateRun(TestRunner.java:756)
	at org.testng.TestRunner.run(TestRunner.java:610)
	at org.testng.SuiteRunner.runTest(SuiteRunner.java:387)
	at org.testng.SuiteRunner.runSequentially(SuiteRunner.java:382)
	at org.testng.SuiteRunner.privateRun(SuiteRunner.java:340)
	at org.testng.SuiteRunner.run(SuiteRunner.java:289)
	at org.testng.SuiteRunnerWorker.runSuite(SuiteRunnerWorker.java:52)
	at org.testng.SuiteRunnerWorker.run(SuiteRunnerWorker.java:86)
	at org.testng.TestNG.runSuitesSequentially(TestNG.java:1293)
	at org.testng.TestNG.runSuitesLocally(TestNG.java:1218)
	at org.testng.TestNG.runSuites(TestNG.java:1133)
	at org.testng.TestNG.run(TestNG.java:1104)
	at org.testng.IDEARemoteTestNG.run(IDEARemoteTestNG.java:73)
	at org.testng.RemoteTestNGStarter.main(RemoteTestNGStarter.java:123)
Caused by: org.openqa.selenium.NoSuchElementException: Timed out after 5 seconds. Unable to locate the element
	at org.openqa.selenium.support.pagefactory.AjaxElementLocator.findElement(AjaxElementLocator.java:90)
	at org.openqa.selenium.support.pagefactory.internal.LocatingElementHandler.invoke(LocatingElementHandler.java:38)
	at ru.yandex.qatools.htmlelements.loader.decorator.proxyhandlers.WebElementNamedProxyHandler.invoke(WebElementNamedProxyHandler.java:44)
	at com.sun.proxy.$Proxy11.findElement(Unknown Source)
	at org.openqa.selenium.support.pagefactory.DefaultElementLocator.findElement(DefaultElementLocator.java:69)
	at org.openqa.selenium.support.pagefactory.AjaxElementLocator.access$001(AjaxElementLocator.java:40)
	at org.openqa.selenium.support.pagefactory.AjaxElementLocator$SlowLoadingElement.isLoaded(AjaxElementLocator.java:156)
	at org.openqa.selenium.support.ui.SlowLoadableComponent.get(SlowLoadableComponent.java:69)
	at org.openqa.selenium.support.pagefactory.AjaxElementLocator.findElement(AjaxElementLocator.java:86)
	... 29 more
Caused by: org.openqa.selenium.NoSuchElementException: no such element: Unable to locate element: {"method":"id","selector":"bonusCardForm"}
  (Session info: chrome=78.0.3904.108)
  (Driver info: chromedriver=2.43.600210 (68dcf5eebde37173d4027fa8635e332711d2874a),platform=Windows NT 10.0.17134 x86_64) (WARNING: The server did not provide any stacktrace information)
Command duration or timeout: 0 milliseconds
For documentation on this error, please visit: http://seleniumhq.org/exceptions/no_such_element.html
Build info: version: '3.11.0', revision: 'e59cfb3', time: '2018-03-11T20:26:55.152Z'
System info: host: 'IEVL569', ip: '169.254.35.181', os.name: 'Windows 10', os.arch: 'amd64', os.version: '10.0', java.version: '1.8.0_161'
Driver info: org.openqa.selenium.chrome.ChromeDriver
Capabilities {acceptInsecureCerts: true, acceptSslCerts: true, applicationCacheEnabled: false, browserConnectionEnabled: false, browserName: chrome, chrome: {chromedriverVersion: 2.43.600210 (68dcf5eebde371..., userDataDir: C:\Users\MATIUS~1\AppData\L...}, cssSelectorsEnabled: true, databaseEnabled: false, goog:chromeOptions: {debuggerAddress: localhost:62678}, handlesAlerts: true, hasTouchScreen: false, javascriptEnabled: true, locationContextEnabled: true, mobileEmulationEnabled: false, nativeEvents: true, networkConnectionEnabled: false, pageLoadStrategy: normal, platform: XP, platformName: XP, rotatable: false, setWindowRect: true, takesHeapSnapshot: true, takesScreenshot: true, unexpectedAlertBehaviour: , unhandledPromptBehavior: , version: 78.0.3904.108, webStorageEnabled: true}
Session ID: 72a9067a1f82a5fc3b064168c75ef94c
*** Element info: {Using=id, value=bonusCardForm}
	at sun.reflect.GeneratedConstructorAccessor18.newInstance(Unknown Source)
	at sun.reflect.DelegatingConstructorAccessorImpl.newInstance(DelegatingConstructorAccessorImpl.java:45)
	at java.lang.reflect.Constructor.newInstance(Constructor.java:423)
	at org.openqa.selenium.remote.ErrorHandler.createThrowable(ErrorHandler.java:214)
	at org.openqa.selenium.remote.ErrorHandler.throwIfResponseFailed(ErrorHandler.java:166)
	at org.openqa.selenium.remote.http.JsonHttpResponseCodec.reconstructValue(JsonHttpResponseCodec.java:40)
	at org.openqa.selenium.remote.http.AbstractHttpResponseCodec.decode(AbstractHttpResponseCodec.java:80)
	at org.openqa.selenium.remote.http.AbstractHttpResponseCodec.decode(AbstractHttpResponseCodec.java:44)
	at org.openqa.selenium.remote.HttpCommandExecutor.execute(HttpCommandExecutor.java:158)
	at org.openqa.selenium.remote.service.DriverCommandExecutor.execute(DriverCommandExecutor.java:83)
	at org.openqa.selenium.remote.RemoteWebDriver.execute(RemoteWebDriver.java:545)
	at org.openqa.selenium.remote.RemoteWebDriver.findElement(RemoteWebDriver.java:319)
	at org.openqa.selenium.remote.RemoteWebDriver.findElementById(RemoteWebDriver.java:365)
	at org.openqa.selenium.By$ById.findElement(By.java:218)
	at org.openqa.selenium.remote.RemoteWebDriver.findElement(RemoteWebDriver.java:311)
	at org.openqa.selenium.support.pagefactory.DefaultElementLocator.findElement(DefaultElementLocator.java:69)
	at org.openqa.selenium.support.pagefactory.AjaxElementLocator.access$001(AjaxElementLocator.java:40)
	at org.openqa.selenium.support.pagefactory.AjaxElementLocator$SlowLoadingElement.isLoaded(AjaxElementLocator.java:156)
	at org.openqa.selenium.support.ui.SlowLoadableComponent.get(SlowLoadableComponent.java:69)
	at org.openqa.selenium.support.pagefactory.AjaxElementLocator.findElement(AjaxElementLocator.java:86)
	... 37 more
</stack-trace>
            </failure>
            <steps>
                <step start="1574954935011" stop="1574954949441" status="passed">
                    <name>gotoUrl[https://testing-mcp.contentrail.com/en]</name>
                    <title>Go to url https://testing-mcp.contentrail.com/en</title>
                </step>
                <step start="1574954949442" stop="1574954949662" status="passed">
                    <name>setupSearchParams[Cities{id=8108000, name='Vienna Central Station'}, Cities{id=8775100, name='Marseille St. Charles'}, 1...]</name>
                    <title>Setup search params</title>
                </step>
                <step start="1574954949672" stop="1574954981744" status="passed">
                    <name>makeSearch[SearchParams{stationFrom='Vienna Central Station', stationTo='Marseille St. Charles', roundTrip=false, outwar...]</name>
                    <title>Search: Perform search with params</title>
                    <steps>
                        <step start="1574954949676" stop="1574954950883" status="passed">
                            <name>setFrom[Vienna Central Station]</name>
                            <title>Set From field: Vienna Central Station</title>
                        </step>
                        <step start="1574954950884" stop="1574954951790" status="passed">
                            <name>setTo[Marseille St. Charles]</name>
                            <title>Set To field: Marseille St. Charles</title>
                        </step>
                        <step start="1574954951792" stop="1574954952258" status="passed">
                            <name>setOutwardDate[Thu, 12.12.2019]</name>
                            <title>Set outward date: Thu, 12.12.2019</title>
                        </step>
                        <step start="1574954952259" stop="1574954952690" status="passed">
                            <name>setOutwardTime[11:17]</name>
                            <title>Set outward time: 11:17</title>
                        </step>
                        <step start="1574954952691" stop="1574954952799" status="passed">
                            <name>setSearchMode[Dep]</name>
                            <title>Set search mode</title>
                        </step>
                        <step start="1574954952800" stop="1574954953485" status="passed">
                            <name>setPassengersData[SearchParams{stationFrom='Vienna Central Station', stationTo='Marseille St. Charles', roundTrip=false,...]</name>
                            <title>Set passengers</title>
                            <steps>
                                <step start="1574954952980" stop="1574954953485" status="passed">
                                    <name>setPas1BirthDate[28111989]</name>
                                    <title>Set first passenger birth date: 28111989</title>
                                </step>
                            </steps>
                        </step>
                        <step start="1574954953486" stop="1574954957212" status="passed">
                            <name>clickSearchButton</name>
                            <title>Click search button</title>
                        </step>
                    </steps>
                </step>
                <step start="1574954984545" stop="1574954986950" status="passed">
                    <name>selectConnectionByTrain[[Connection{stations=Vienna Central Station
Marseille St. Charles, time=11:30
09:42, duration=22...]</name>
                    <title>ConnectionsResult: Train(s) RJX, EC, TGV, TGV DUPLEX</title>
                </step>
                <step start="1574954987622" stop="1574954997750" status="passed">
                    <name>selectFirstAvailableOffer[[Offers{offerClass=2, product='RJX
2nd class', offer='Standard-Ticket', conditions='Ticket can...]</name>
                </step>
                <step start="1574954997751" stop="1574955006490" status="passed">
                    <name>clickContinueButton</name>
                    <title>Upsale: Click continue button</title>
                </step>
                <step start="1574955006492" stop="1574955009567" status="passed">
                    <name>clickContinueButton</name>
                    <title>Ticket&amp;Reservation: Click continue button</title>
                </step>
                <step start="1574955009569" stop="1574955010611" status="passed">
                    <name>fillPas1Data[Passenger{firstName='Johny', lastName='Depp', type='Adult', birthDate='28111989', salutation='Mr', email='v...]</name>
                    <title>PassengerDetails: Fill 1 pax data Passenger{firstName='Johny', lastName='Depp', type='Adult', birthDate='28111989', salu...</title>
                </step>
            </steps>
            <attachments>
                <attachment title="Fail listener on - International Booking" source="333e426d-bacf-432f-95d1-416d0ccbb17a-attachment.png" type="image/png"/>
            </attachments>
            <labels>
                <label name="testSuite" value="Default Suite"/>
                <label name="testGroup" value="MCP"/>
                <label name="testClass" value="tests.dbmcpCC.BahnBonusPointsUITests"/>
                <label name="testMethod" value="UI_BahnBonus_NVS_SBB_PAO_MultiSegWithBahnBonus_OW_1A"/>
                <label name="host" value="IEVL569"/>
                <label name="thread" value="25484@IEVL569.main(1)"/>
            </labels>
        </test-case>
    </test-cases>
    <labels>
        <label name="framework" value="TestNG"/>
        <label name="language" value="JAVA"/>
    </labels>
</ns2:test-suite>
