<?xml version="1.0" encoding="UTF-8" standalone="yes"?>
<ns2:test-suite start="1574947176399" stop="1574947326079" version="1.5.0" xmlns:ns2="urn:model.allure.qatools.yandex.ru">
    <name>Default Suite : MCP</name>
    <title>Default Suite : MCP</title>
    <test-cases>
        <test-case start="1574947182870" stop="1574947325227" status="broken">
            <name>UI_BahnBonus_Out_of_Range_CardNumber</name>
            <failure>
                <message>TimeoutException: Expected condition failed: waiting for element to be clickable: Continue Button (tried for 100 second(s) with 500 milliseconds interval)</message>
                <stack-trace>org.openqa.selenium.TimeoutException: Expected condition failed: waiting for element to be clickable: Continue Button (tried for 100 second(s) with 500 milliseconds interval)
	at org.openqa.selenium.support.ui.WebDriverWait.timeoutException(WebDriverWait.java:81)
	at org.openqa.selenium.support.ui.FluentWait.until(FluentWait.java:271)
	at pages.BasePage.waitForElement(BasePage.java:51)
	at pages.UpsalePage.clickContinueButton(UpsalePage.java:92)
	at tests.dbmcpCC.BahnBonusPointsUITests.UI_BahnBonus_Out_of_Range_CardNumber(BahnBonusPointsUITests.java:128)
	at sun.reflect.NativeMethodAccessorImpl.invoke0(Native Method)
	at sun.reflect.NativeMethodAccessorImpl.invoke(NativeMethodAccessorImpl.java:62)
	at sun.reflect.DelegatingMethodAccessorImpl.invoke(DelegatingMethodAccessorImpl.java:43)
	at java.lang.reflect.Method.invoke(Method.java:498)
	at org.testng.internal.MethodInvocationHelper.invokeMethod(MethodInvocationHelper.java:104)
	at org.testng.internal.Invoker.invokeMethod(Invoker.java:645)
	at org.testng.internal.Invoker.invokeTestMethod(Invoker.java:851)
	at org.testng.internal.Invoker.invokeTestMethods(Invoker.java:1177)
	at org.testng.internal.TestMethodWorker.invokeTestMethods(TestMethodWorker.java:129)
	at org.testng.internal.TestMethodWorker.run(TestMethodWorker.java:112)
	at org.testng.TestRunner.privateRun(TestRunner.java:756)
	at org.testng.TestRunner.run(TestRunner.java:610)
	at org.testng.SuiteRunner.runTest(SuiteRunner.java:387)
	at org.testng.SuiteRunner.runSequentially(SuiteRunner.java:382)
	at org.testng.SuiteRunner.privateRun(SuiteRunner.java:340)
	at org.testng.SuiteRunner.run(SuiteRunner.java:289)
	at org.testng.SuiteRunnerWorker.runSuite(SuiteRunnerWorker.java:52)
	at org.testng.SuiteRunnerWorker.run(SuiteRunnerWorker.java:86)
	at org.testng.TestNG.runSuitesSequentially(TestNG.java:1293)
	at org.testng.TestNG.runSuitesLocally(TestNG.java:1218)
	at org.testng.TestNG.runSuites(TestNG.java:1133)
	at org.testng.TestNG.run(TestNG.java:1104)
	at org.testng.IDEARemoteTestNG.run(IDEARemoteTestNG.java:73)
	at org.testng.RemoteTestNGStarter.main(RemoteTestNGStarter.java:123)
Caused by: org.openqa.selenium.NoSuchElementException: Timed out after 5 seconds. Unable to locate the element
	at org.openqa.selenium.support.pagefactory.AjaxElementLocator.findElement(AjaxElementLocator.java:90)
	at org.openqa.selenium.support.pagefactory.internal.LocatingElementHandler.invoke(LocatingElementHandler.java:38)
	at ru.yandex.qatools.htmlelements.loader.decorator.proxyhandlers.WebElementNamedProxyHandler.invoke(WebElementNamedProxyHandler.java:44)
	at com.sun.proxy.$Proxy11.isDisplayed(Unknown Source)
	at org.openqa.selenium.support.ui.ExpectedConditions.elementIfVisible(ExpectedConditions.java:315)
	at org.openqa.selenium.support.ui.ExpectedConditions.access$100(ExpectedConditions.java:44)
	at org.openqa.selenium.support.ui.ExpectedConditions$10.apply(ExpectedConditions.java:301)
	at org.openqa.selenium.support.ui.ExpectedConditions$10.apply(ExpectedConditions.java:298)
	at org.openqa.selenium.support.ui.ExpectedConditions$23.apply(ExpectedConditions.java:686)
	at org.openqa.selenium.support.ui.ExpectedConditions$23.apply(ExpectedConditions.java:682)
	at org.openqa.selenium.support.ui.FluentWait.until(FluentWait.java:248)
	... 27 more
Caused by: org.openqa.selenium.NoSuchElementException: no such element: Unable to locate element: {"method":"xpath","selector":"//*[text()='Continue']"}
  (Session info: chrome=78.0.3904.108)
  (Driver info: chromedriver=2.43.600210 (68dcf5eebde37173d4027fa8635e332711d2874a),platform=Windows NT 10.0.17134 x86_64) (WARNING: The server did not provide any stacktrace information)
Command duration or timeout: 0 milliseconds
For documentation on this error, please visit: http://seleniumhq.org/exceptions/no_such_element.html
Build info: version: '3.11.0', revision: 'e59cfb3', time: '2018-03-11T20:26:55.152Z'
System info: host: 'IEVL569', ip: '169.254.35.181', os.name: 'Windows 10', os.arch: 'amd64', os.version: '10.0', java.version: '1.8.0_161'
Driver info: org.openqa.selenium.chrome.ChromeDriver
Capabilities {acceptInsecureCerts: true, acceptSslCerts: true, applicationCacheEnabled: false, browserConnectionEnabled: false, browserName: chrome, chrome: {chromedriverVersion: 2.43.600210 (68dcf5eebde371..., userDataDir: C:\Users\MATIUS~1\AppData\L...}, cssSelectorsEnabled: true, databaseEnabled: false, goog:chromeOptions: {debuggerAddress: localhost:49722}, handlesAlerts: true, hasTouchScreen: false, javascriptEnabled: true, locationContextEnabled: true, mobileEmulationEnabled: false, nativeEvents: true, networkConnectionEnabled: false, pageLoadStrategy: normal, platform: XP, platformName: XP, rotatable: false, setWindowRect: true, takesHeapSnapshot: true, takesScreenshot: true, unexpectedAlertBehaviour: , unhandledPromptBehavior: , version: 78.0.3904.108, webStorageEnabled: true}
Session ID: c005e27d8ca89fe9ed014876458ca335
*** Element info: {Using=xpath, value=//*[text()='Continue']}
	at sun.reflect.GeneratedConstructorAccessor18.newInstance(Unknown Source)
	at sun.reflect.DelegatingConstructorAccessorImpl.newInstance(DelegatingConstructorAccessorImpl.java:45)
	at java.lang.reflect.Constructor.newInstance(Constructor.java:423)
	at org.openqa.selenium.remote.ErrorHandler.createThrowable(ErrorHandler.java:214)
	at org.openqa.selenium.remote.ErrorHandler.throwIfResponseFailed(ErrorHandler.java:166)
	at org.openqa.selenium.remote.http.JsonHttpResponseCodec.reconstructValue(JsonHttpResponseCodec.java:40)
	at org.openqa.selenium.remote.http.AbstractHttpResponseCodec.decode(AbstractHttpResponseCodec.java:80)
	at org.openqa.selenium.remote.http.AbstractHttpResponseCodec.decode(AbstractHttpResponseCodec.java:44)
	at org.openqa.selenium.remote.HttpCommandExecutor.execute(HttpCommandExecutor.java:158)
	at org.openqa.selenium.remote.service.DriverCommandExecutor.execute(DriverCommandExecutor.java:83)
	at org.openqa.selenium.remote.RemoteWebDriver.execute(RemoteWebDriver.java:545)
	at org.openqa.selenium.remote.RemoteWebDriver.findElement(RemoteWebDriver.java:319)
	at org.openqa.selenium.remote.RemoteWebDriver.findElementByXPath(RemoteWebDriver.java:421)
	at org.openqa.selenium.By$ByXPath.findElement(By.java:361)
	at org.openqa.selenium.remote.RemoteWebDriver.findElement(RemoteWebDriver.java:311)
	at org.openqa.selenium.support.pagefactory.DefaultElementLocator.findElement(DefaultElementLocator.java:69)
	at org.openqa.selenium.support.pagefactory.AjaxElementLocator.access$001(AjaxElementLocator.java:40)
	at org.openqa.selenium.support.pagefactory.AjaxElementLocator$SlowLoadingElement.isLoaded(AjaxElementLocator.java:156)
	at org.openqa.selenium.support.ui.SlowLoadableComponent.get(SlowLoadableComponent.java:69)
	at org.openqa.selenium.support.pagefactory.AjaxElementLocator.findElement(AjaxElementLocator.java:86)
	... 37 more
</stack-trace>
            </failure>
            <steps>
                <step start="1574947182894" stop="1574947185313" status="passed">
                    <name>gotoUrl[https://testing-mcp.contentrail.com/en]</name>
                    <title>Go to url https://testing-mcp.contentrail.com/en</title>
                </step>
                <step start="1574947185316" stop="1574947185484" status="passed">
                    <name>setupSearchParams[Cities{id=8020347, name='Munich Hbf'}, Cities{id=8503000, name='Zürich Hb'}, 1200]</name>
                    <title>Setup search params</title>
                </step>
                <step start="1574947185492" stop="1574947199478" status="passed">
                    <name>makeSearch[SearchParams{stationFrom='Munich Hbf', stationTo='Zürich Hb', roundTrip=false, outwardDate='Thu, 05.12.2019',...]</name>
                    <title>Search: Perform search with params</title>
                    <steps>
                        <step start="1574947185493" stop="1574947187230" status="passed">
                            <name>setFrom[Munich Hbf]</name>
                            <title>Set From field: Munich Hbf</title>
                        </step>
                        <step start="1574947187231" stop="1574947188342" status="passed">
                            <name>setTo[Zürich Hb]</name>
                            <title>Set To field: Zürich Hb</title>
                        </step>
                        <step start="1574947188346" stop="1574947188855" status="passed">
                            <name>setOutwardDate[Thu, 05.12.2019]</name>
                            <title>Set outward date: Thu, 05.12.2019</title>
                        </step>
                        <step start="1574947188857" stop="1574947189306" status="passed">
                            <name>setOutwardTime[1200]</name>
                            <title>Set outward time: 1200</title>
                        </step>
                        <step start="1574947189308" stop="1574947189420" status="passed">
                            <name>setSearchMode[Dep]</name>
                            <title>Set search mode</title>
                        </step>
                        <step start="1574947189421" stop="1574947190334" status="passed">
                            <name>setPassengersData[SearchParams{stationFrom='Munich Hbf', stationTo='Zürich Hb', roundTrip=false, outwardDate='Thu, 05.12...]</name>
                            <title>Set passengers</title>
                            <steps>
                                <step start="1574947189700" stop="1574947190334" status="passed">
                                    <name>setPas1BirthDate[28111989]</name>
                                    <title>Set first passenger birth date: 28111989</title>
                                </step>
                            </steps>
                        </step>
                        <step start="1574947190337" stop="1574947191655" status="passed">
                            <name>clickSearchButton</name>
                            <title>Click search button</title>
                        </step>
                    </steps>
                </step>
                <step start="1574947204908" stop="1574947214918" status="passed">
                    <name>selectConnectionByTrain[[Connection{stations=Munich Hbf
Zürich Hb, time=12:14
16:58, duration=04:44, changes=0, product=...]</name>
                    <title>ConnectionsResult: Train(s) EC</title>
                </step>
                <step start="1574947216385" stop="1574947221588" status="passed">
                    <name>selectOffer[[Offers{offerClass=2, product='EC
2nd class', offer='Super Sparpreis Europa Schweiz', conditions='Ticket may...]</name>
                    <title>Search offer: select offer:  Flexpreis for 2 class</title>
                </step>
                <step start="1574947221590" stop="1574947324310" status="broken">
                    <name>clickContinueButton</name>
                    <title>Upsale: Click continue button</title>
                </step>
            </steps>
            <attachments>
                <attachment title="Fail listener on - International Booking" source="7ac6c7cb-06c9-4c33-89fc-2b21638e1400-attachment.png" type="image/png"/>
            </attachments>
            <labels>
                <label name="testSuite" value="Default Suite"/>
                <label name="testGroup" value="MCP"/>
                <label name="testClass" value="tests.dbmcpCC.BahnBonusPointsUITests"/>
                <label name="testMethod" value="UI_BahnBonus_Out_of_Range_CardNumber"/>
                <label name="host" value="IEVL569"/>
                <label name="thread" value="19320@IEVL569.main(1)"/>
            </labels>
        </test-case>
    </test-cases>
    <labels>
        <label name="framework" value="TestNG"/>
        <label name="language" value="JAVA"/>
    </labels>
</ns2:test-suite>
