<?xml version="1.0" encoding="UTF-8" standalone="yes"?>
<ns2:test-suite start="1575644301548" stop="1575644686873" version="1.5.0" xmlns:ns2="urn:model.allure.qatools.yandex.ru">
    <name>Default Suite : MCP</name>
    <title>Default Suite : MCP</title>
    <test-cases>
        <test-case start="1575644309092" stop="1575644325864" status="failed">
            <name>UI_PNR_Prefix_NVS_MonoSeg_OW_1A</name>
            <failure>
                <message>AssertionError: Connections not found</message>
                <stack-trace>java.lang.AssertionError: Connections not found
	at org.testng.Assert.fail(Assert.java:94)
	at pages.SearchPage.waitLoading(SearchPage.java:158)
	at pages.SearchPage.makeSearch(SearchPage.java:395)
	at tests.dbmcpCC.PnrPrefixUITests.UI_PNR_Prefix_NVS_MonoSeg_OW_1A(PnrPrefixUITests.java:27)
	at sun.reflect.NativeMethodAccessorImpl.invoke0(Native Method)
	at sun.reflect.NativeMethodAccessorImpl.invoke(NativeMethodAccessorImpl.java:62)
	at sun.reflect.DelegatingMethodAccessorImpl.invoke(DelegatingMethodAccessorImpl.java:43)
	at java.lang.reflect.Method.invoke(Method.java:498)
	at org.testng.internal.MethodInvocationHelper.invokeMethod(MethodInvocationHelper.java:104)
	at org.testng.internal.Invoker.invokeMethod(Invoker.java:645)
	at org.testng.internal.Invoker.invokeTestMethod(Invoker.java:851)
	at org.testng.internal.Invoker.invokeTestMethods(Invoker.java:1177)
	at org.testng.internal.TestMethodWorker.invokeTestMethods(TestMethodWorker.java:129)
	at org.testng.internal.TestMethodWorker.run(TestMethodWorker.java:112)
	at org.testng.TestRunner.privateRun(TestRunner.java:756)
	at org.testng.TestRunner.run(TestRunner.java:610)
	at org.testng.SuiteRunner.runTest(SuiteRunner.java:387)
	at org.testng.SuiteRunner.runSequentially(SuiteRunner.java:382)
	at org.testng.SuiteRunner.privateRun(SuiteRunner.java:340)
	at org.testng.SuiteRunner.run(SuiteRunner.java:289)
	at org.testng.SuiteRunnerWorker.runSuite(SuiteRunnerWorker.java:52)
	at org.testng.SuiteRunnerWorker.run(SuiteRunnerWorker.java:86)
	at org.testng.TestNG.runSuitesSequentially(TestNG.java:1293)
	at org.testng.TestNG.runSuitesLocally(TestNG.java:1218)
	at org.testng.TestNG.runSuites(TestNG.java:1133)
	at org.testng.TestNG.run(TestNG.java:1104)
	at org.testng.IDEARemoteTestNG.run(IDEARemoteTestNG.java:73)
	at org.testng.RemoteTestNGStarter.main(RemoteTestNGStarter.java:123)
</stack-trace>
            </failure>
            <steps>
                <step start="1575644309128" stop="1575644310414" status="passed">
                    <name>gotoUrl[https://dev2.mcp.local/en]</name>
                    <title>Go to url https://dev2.mcp.local/en</title>
                </step>
                <step start="1575644310417" stop="1575644310615" status="passed">
                    <name>setupSearchParams[Cities{id=8020347, name='Munich Hbf'}, Cities{id=8503000, name='Zürich Hb'}, 1100]</name>
                    <title>Setup search params</title>
                </step>
                <step start="1575644310625" stop="1575644324007" status="failed">
                    <name>makeSearch[SearchParams{stationFrom='Munich Hbf', stationTo='Zürich Hb', roundTrip=false, outwardDate='Fri, 13.12.2019',...]</name>
                    <title>Search: Perform search with params</title>
                    <steps>
                        <step start="1575644310628" stop="1575644311561" status="passed">
                            <name>setFrom[Munich Hbf]</name>
                            <title>Set From field: Munich Hbf</title>
                        </step>
                        <step start="1575644311563" stop="1575644312382" status="passed">
                            <name>setTo[Zürich Hb]</name>
                            <title>Set To field: Zürich Hb</title>
                        </step>
                        <step start="1575644312385" stop="1575644312959" status="passed">
                            <name>setOutwardDate[Fri, 13.12.2019]</name>
                            <title>Set outward date: Fri, 13.12.2019</title>
                        </step>
                        <step start="1575644312961" stop="1575644313407" status="passed">
                            <name>setOutwardTime[1100]</name>
                            <title>Set outward time: 1100</title>
                        </step>
                        <step start="1575644313409" stop="1575644313514" status="passed">
                            <name>setSearchMode[Dep]</name>
                            <title>Set search mode</title>
                        </step>
                        <step start="1575644313516" stop="1575644314205" status="passed">
                            <name>setPassengersData[SearchParams{stationFrom='Munich Hbf', stationTo='Zürich Hb', roundTrip=false, outwardDate='Fri, 13.12...]</name>
                            <title>Set passengers</title>
                            <steps>
                                <step start="1575644313700" stop="1575644314205" status="passed">
                                    <name>setPas1BirthDate[06121989]</name>
                                    <title>Set first passenger birth date: 06121989</title>
                                </step>
                            </steps>
                        </step>
                        <step start="1575644314207" stop="1575644315129" status="passed">
                            <name>clickSearchButton</name>
                            <title>Click search button</title>
                        </step>
                    </steps>
                </step>
                <step start="1575644325768" stop="1575644325809" status="passed">
                    <name>isElementPresent[Corr Id]</name>
                </step>
            </steps>
            <attachments>
                <attachment title="Fail listener on - International Booking" source="58c15f29-140a-4f53-808a-796115820d0e-attachment.png" type="image/png"/>
                <attachment title="CorrId" source="44f0c503-d5a2-479c-8a5d-0b5b99580426-attachment.html" type="text/html"/>
            </attachments>
            <labels>
                <label name="testSuite" value="Default Suite"/>
                <label name="testGroup" value="MCP"/>
                <label name="testClass" value="tests.dbmcpCC.PnrPrefixUITests"/>
                <label name="testMethod" value="UI_PNR_Prefix_NVS_MonoSeg_OW_1A"/>
                <label name="host" value="IEVL569"/>
                <label name="thread" value="10400@IEVL569.main(1)"/>
            </labels>
        </test-case>
        <test-case start="1575644331185" stop="1575644360650" status="failed">
            <name>UI_PNR_Prefix_NVS_SBB_PAO_OW_1A</name>
            <failure>
                <message>AssertionError: Train(s) not found</message>
                <stack-trace>java.lang.AssertionError: Train(s) not found
	at org.testng.Assert.fail(Assert.java:94)
	at pages.ConnectionResultPage.selectConnectionByTrain(ConnectionResultPage.java:103)
	at tests.dbmcpCC.PnrPrefixUITests.UI_PNR_Prefix_NVS_SBB_PAO_OW_1A(PnrPrefixUITests.java:78)
	at sun.reflect.NativeMethodAccessorImpl.invoke0(Native Method)
	at sun.reflect.NativeMethodAccessorImpl.invoke(NativeMethodAccessorImpl.java:62)
	at sun.reflect.DelegatingMethodAccessorImpl.invoke(DelegatingMethodAccessorImpl.java:43)
	at java.lang.reflect.Method.invoke(Method.java:498)
	at org.testng.internal.MethodInvocationHelper.invokeMethod(MethodInvocationHelper.java:104)
	at org.testng.internal.Invoker.invokeMethod(Invoker.java:645)
	at org.testng.internal.Invoker.invokeTestMethod(Invoker.java:851)
	at org.testng.internal.Invoker.invokeTestMethods(Invoker.java:1177)
	at org.testng.internal.TestMethodWorker.invokeTestMethods(TestMethodWorker.java:129)
	at org.testng.internal.TestMethodWorker.run(TestMethodWorker.java:112)
	at org.testng.TestRunner.privateRun(TestRunner.java:756)
	at org.testng.TestRunner.run(TestRunner.java:610)
	at org.testng.SuiteRunner.runTest(SuiteRunner.java:387)
	at org.testng.SuiteRunner.runSequentially(SuiteRunner.java:382)
	at org.testng.SuiteRunner.privateRun(SuiteRunner.java:340)
	at org.testng.SuiteRunner.run(SuiteRunner.java:289)
	at org.testng.SuiteRunnerWorker.runSuite(SuiteRunnerWorker.java:52)
	at org.testng.SuiteRunnerWorker.run(SuiteRunnerWorker.java:86)
	at org.testng.TestNG.runSuitesSequentially(TestNG.java:1293)
	at org.testng.TestNG.runSuitesLocally(TestNG.java:1218)
	at org.testng.TestNG.runSuites(TestNG.java:1133)
	at org.testng.TestNG.run(TestNG.java:1104)
	at org.testng.IDEARemoteTestNG.run(IDEARemoteTestNG.java:73)
	at org.testng.RemoteTestNGStarter.main(RemoteTestNGStarter.java:123)
</stack-trace>
            </failure>
            <steps>
                <step start="1575644331187" stop="1575644332397" status="passed">
                    <name>gotoUrl[https://dev2.mcp.local/en]</name>
                    <title>Go to url https://dev2.mcp.local/en</title>
                </step>
                <step start="1575644332398" stop="1575644332398" status="passed">
                    <name>setupSearchParams[Cities{id=8108000, name='Vienna Central Station'}, Cities{id=8775100, name='Marseille St. Charles'}, 1...]</name>
                    <title>Setup search params</title>
                </step>
                <step start="1575644332399" stop="1575644357775" status="passed">
                    <name>makeSearch[SearchParams{stationFrom='Vienna Central Station', stationTo='Marseille St. Charles', roundTrip=false, outwar...]</name>
                    <title>Search: Perform search with params</title>
                    <steps>
                        <step start="1575644332401" stop="1575644333905" status="passed">
                            <name>setFrom[Vienna Central Station]</name>
                            <title>Set From field: Vienna Central Station</title>
                        </step>
                        <step start="1575644333907" stop="1575644334876" status="passed">
                            <name>setTo[Marseille St. Charles]</name>
                            <title>Set To field: Marseille St. Charles</title>
                        </step>
                        <step start="1575644334877" stop="1575644335335" status="passed">
                            <name>setOutwardDate[Fri, 20.12.2019]</name>
                            <title>Set outward date: Fri, 20.12.2019</title>
                        </step>
                        <step start="1575644335339" stop="1575644335759" status="passed">
                            <name>setOutwardTime[11:17]</name>
                            <title>Set outward time: 11:17</title>
                        </step>
                        <step start="1575644335761" stop="1575644335864" status="passed">
                            <name>setSearchMode[Dep]</name>
                            <title>Set search mode</title>
                        </step>
                        <step start="1575644335865" stop="1575644336563" status="passed">
                            <name>setPassengersData[SearchParams{stationFrom='Vienna Central Station', stationTo='Marseille St. Charles', roundTrip=false,...]</name>
                            <title>Set passengers</title>
                            <steps>
                                <step start="1575644336046" stop="1575644336563" status="passed">
                                    <name>setPas1BirthDate[06121989]</name>
                                    <title>Set first passenger birth date: 06121989</title>
                                </step>
                            </steps>
                        </step>
                        <step start="1575644336564" stop="1575644337395" status="passed">
                            <name>clickSearchButton</name>
                            <title>Click search button</title>
                        </step>
                    </steps>
                </step>
                <step start="1575644360182" stop="1575644360183" status="failed">
                    <name>selectConnectionByTrain[[Connection{stations=Vienna Central Station
Marseille St. Charles, time=18:30
14:57, duration=20...]</name>
                    <title>ConnectionsResult: Train(s) RJX, IC, LYRIA</title>
                </step>
                <step start="1575644360585" stop="1575644360612" status="passed">
                    <name>isElementPresent[Corr Id]</name>
                </step>
            </steps>
            <attachments>
                <attachment title="Fail listener on - International Booking" source="7d722990-1717-4676-97cf-fab25e2d7ab2-attachment.png" type="image/png"/>
                <attachment title="CorrId" source="7e7dc9d5-a64c-40f0-aae4-6d442af9ed4c-attachment.html" type="text/html"/>
            </attachments>
            <labels>
                <label name="testSuite" value="Default Suite"/>
                <label name="testGroup" value="MCP"/>
                <label name="testClass" value="tests.dbmcpCC.PnrPrefixUITests"/>
                <label name="testMethod" value="UI_PNR_Prefix_NVS_SBB_PAO_OW_1A"/>
                <label name="host" value="IEVL569"/>
                <label name="thread" value="10400@IEVL569.main(1)"/>
            </labels>
        </test-case>
        <test-case start="1575644365886" stop="1575644546355" status="broken">
            <name>UI_PNR_Prefix_NVS_TRE_RT_1A</name>
            <failure>
                <message>TimeoutException: Expected condition failed: waiting for element to be clickable: Connection (tried for 100 second(s) with 500 milliseconds interval)</message>
                <stack-trace>org.openqa.selenium.TimeoutException: Expected condition failed: waiting for element to be clickable: Connection (tried for 100 second(s) with 500 milliseconds interval)
	at org.openqa.selenium.support.ui.WebDriverWait.timeoutException(WebDriverWait.java:81)
	at org.openqa.selenium.support.ui.FluentWait.until(FluentWait.java:271)
	at pages.BasePage.waitForElement(BasePage.java:51)
	at pages.ConnectionResultPage.getConnectionResults(ConnectionResultPage.java:81)
	at tests.dbmcpCC.PnrPrefixUITests.UI_PNR_Prefix_NVS_TRE_RT_1A(PnrPrefixUITests.java:126)
	at sun.reflect.NativeMethodAccessorImpl.invoke0(Native Method)
	at sun.reflect.NativeMethodAccessorImpl.invoke(NativeMethodAccessorImpl.java:62)
	at sun.reflect.DelegatingMethodAccessorImpl.invoke(DelegatingMethodAccessorImpl.java:43)
	at java.lang.reflect.Method.invoke(Method.java:498)
	at org.testng.internal.MethodInvocationHelper.invokeMethod(MethodInvocationHelper.java:104)
	at org.testng.internal.Invoker.invokeMethod(Invoker.java:645)
	at org.testng.internal.Invoker.invokeTestMethod(Invoker.java:851)
	at org.testng.internal.Invoker.invokeTestMethods(Invoker.java:1177)
	at org.testng.internal.TestMethodWorker.invokeTestMethods(TestMethodWorker.java:129)
	at org.testng.internal.TestMethodWorker.run(TestMethodWorker.java:112)
	at org.testng.TestRunner.privateRun(TestRunner.java:756)
	at org.testng.TestRunner.run(TestRunner.java:610)
	at org.testng.SuiteRunner.runTest(SuiteRunner.java:387)
	at org.testng.SuiteRunner.runSequentially(SuiteRunner.java:382)
	at org.testng.SuiteRunner.privateRun(SuiteRunner.java:340)
	at org.testng.SuiteRunner.run(SuiteRunner.java:289)
	at org.testng.SuiteRunnerWorker.runSuite(SuiteRunnerWorker.java:52)
	at org.testng.SuiteRunnerWorker.run(SuiteRunnerWorker.java:86)
	at org.testng.TestNG.runSuitesSequentially(TestNG.java:1293)
	at org.testng.TestNG.runSuitesLocally(TestNG.java:1218)
	at org.testng.TestNG.runSuites(TestNG.java:1133)
	at org.testng.TestNG.run(TestNG.java:1104)
	at org.testng.IDEARemoteTestNG.run(IDEARemoteTestNG.java:73)
	at org.testng.RemoteTestNGStarter.main(RemoteTestNGStarter.java:123)
Caused by: org.openqa.selenium.NoSuchElementException: Timed out after 5 seconds. Unable to locate the element
	at org.openqa.selenium.support.pagefactory.AjaxElementLocator.findElement(AjaxElementLocator.java:90)
	at org.openqa.selenium.support.pagefactory.internal.LocatingElementHandler.invoke(LocatingElementHandler.java:38)
	at ru.yandex.qatools.htmlelements.loader.decorator.proxyhandlers.WebElementNamedProxyHandler.invoke(WebElementNamedProxyHandler.java:44)
	at com.sun.proxy.$Proxy11.isDisplayed(Unknown Source)
	at ru.yandex.qatools.htmlelements.element.HtmlElement.isDisplayed(HtmlElement.java:229)
	at org.openqa.selenium.support.ui.ExpectedConditions.elementIfVisible(ExpectedConditions.java:315)
	at org.openqa.selenium.support.ui.ExpectedConditions.access$100(ExpectedConditions.java:44)
	at org.openqa.selenium.support.ui.ExpectedConditions$10.apply(ExpectedConditions.java:301)
	at org.openqa.selenium.support.ui.ExpectedConditions$10.apply(ExpectedConditions.java:298)
	at org.openqa.selenium.support.ui.ExpectedConditions$23.apply(ExpectedConditions.java:686)
	at org.openqa.selenium.support.ui.ExpectedConditions$23.apply(ExpectedConditions.java:682)
	at org.openqa.selenium.support.ui.FluentWait.until(FluentWait.java:248)
	... 27 more
Caused by: org.openqa.selenium.NoSuchElementException: no such element: Unable to locate element: {"method":"xpath","selector":".//*[@class='offers-search__item']"}
  (Session info: chrome=78.0.3904.108)
  (Driver info: chromedriver=2.43.600210 (68dcf5eebde37173d4027fa8635e332711d2874a),platform=Windows NT 10.0.17134 x86_64) (WARNING: The server did not provide any stacktrace information)
Command duration or timeout: 0 milliseconds
For documentation on this error, please visit: http://seleniumhq.org/exceptions/no_such_element.html
Build info: version: '3.11.0', revision: 'e59cfb3', time: '2018-03-11T20:26:55.152Z'
System info: host: 'IEVL569', ip: '169.254.35.181', os.name: 'Windows 10', os.arch: 'amd64', os.version: '10.0', java.version: '1.8.0_161'
Driver info: org.openqa.selenium.chrome.ChromeDriver
Capabilities {acceptInsecureCerts: true, acceptSslCerts: true, applicationCacheEnabled: false, browserConnectionEnabled: false, browserName: chrome, chrome: {chromedriverVersion: 2.43.600210 (68dcf5eebde371..., userDataDir: C:\Users\MATIUS~1\AppData\L...}, cssSelectorsEnabled: true, databaseEnabled: false, goog:chromeOptions: {debuggerAddress: localhost:49949}, handlesAlerts: true, hasTouchScreen: false, javascriptEnabled: true, locationContextEnabled: true, mobileEmulationEnabled: false, nativeEvents: true, networkConnectionEnabled: false, pageLoadStrategy: normal, platform: XP, platformName: XP, rotatable: false, setWindowRect: true, takesHeapSnapshot: true, takesScreenshot: true, unexpectedAlertBehaviour: , unhandledPromptBehavior: , version: 78.0.3904.108, webStorageEnabled: true}
Session ID: 34ce2537bb21595f6a73ba4a64224018
*** Element info: {Using=xpath, value=.//*[@class='offers-search__item']}
	at sun.reflect.GeneratedConstructorAccessor17.newInstance(Unknown Source)
	at sun.reflect.DelegatingConstructorAccessorImpl.newInstance(DelegatingConstructorAccessorImpl.java:45)
	at java.lang.reflect.Constructor.newInstance(Constructor.java:423)
	at org.openqa.selenium.remote.ErrorHandler.createThrowable(ErrorHandler.java:214)
	at org.openqa.selenium.remote.ErrorHandler.throwIfResponseFailed(ErrorHandler.java:166)
	at org.openqa.selenium.remote.http.JsonHttpResponseCodec.reconstructValue(JsonHttpResponseCodec.java:40)
	at org.openqa.selenium.remote.http.AbstractHttpResponseCodec.decode(AbstractHttpResponseCodec.java:80)
	at org.openqa.selenium.remote.http.AbstractHttpResponseCodec.decode(AbstractHttpResponseCodec.java:44)
	at org.openqa.selenium.remote.HttpCommandExecutor.execute(HttpCommandExecutor.java:158)
	at org.openqa.selenium.remote.service.DriverCommandExecutor.execute(DriverCommandExecutor.java:83)
	at org.openqa.selenium.remote.RemoteWebDriver.execute(RemoteWebDriver.java:545)
	at org.openqa.selenium.remote.RemoteWebDriver.findElement(RemoteWebDriver.java:319)
	at org.openqa.selenium.remote.RemoteWebDriver.findElementByXPath(RemoteWebDriver.java:421)
	at org.openqa.selenium.By$ByXPath.findElement(By.java:361)
	at org.openqa.selenium.remote.RemoteWebDriver.findElement(RemoteWebDriver.java:311)
	at org.openqa.selenium.support.pagefactory.DefaultElementLocator.findElement(DefaultElementLocator.java:69)
	at org.openqa.selenium.support.pagefactory.AjaxElementLocator.access$001(AjaxElementLocator.java:40)
	at org.openqa.selenium.support.pagefactory.AjaxElementLocator$SlowLoadingElement.isLoaded(AjaxElementLocator.java:156)
	at org.openqa.selenium.support.ui.SlowLoadableComponent.get(SlowLoadableComponent.java:69)
	at org.openqa.selenium.support.pagefactory.AjaxElementLocator.findElement(AjaxElementLocator.java:86)
	... 38 more
</stack-trace>
            </failure>
            <steps>
                <step start="1575644365888" stop="1575644366869" status="passed">
                    <name>gotoUrl[https://dev2.mcp.local/en]</name>
                    <title>Go to url https://dev2.mcp.local/en</title>
                </step>
                <step start="1575644366870" stop="1575644366870" status="passed">
                    <name>setupSearchParams[Cities{id=8020347, name='Munich Hbf'}, Cities{id=8302593, name='Venice Santa Lucia'}, 10:00]</name>
                    <title>Setup search params</title>
                </step>
                <step start="1575644366872" stop="1575644434532" status="passed">
                    <name>makeSearch[SearchParams{stationFrom='Munich Hbf', stationTo='Venice Santa Lucia', roundTrip=true, outwardDate='Fri, 20.1...]</name>
                    <title>Search: Perform search with params</title>
                    <steps>
                        <step start="1575644366873" stop="1575644367824" status="passed">
                            <name>setFrom[Munich Hbf]</name>
                            <title>Set From field: Munich Hbf</title>
                        </step>
                        <step start="1575644367826" stop="1575644374661" status="passed">
                            <name>setTo[Venice Santa Lucia]</name>
                            <title>Set To field: Venice Santa Lucia</title>
                        </step>
                        <step start="1575644374661" stop="1575644380128" status="passed">
                            <name>setOutwardDate[Fri, 20.12.2019]</name>
                            <title>Set outward date: Fri, 20.12.2019</title>
                        </step>
                        <step start="1575644380129" stop="1575644385577" status="passed">
                            <name>setOutwardTime[10:00]</name>
                            <title>Set outward time: 10:00</title>
                        </step>
                        <step start="1575644385578" stop="1575644390680" status="passed">
                            <name>activateRoundTrip</name>
                            <title>Activate round trip</title>
                        </step>
                        <step start="1575644390681" stop="1575644396130" status="passed">
                            <name>setInwardDate[Sat, 21.12.2019]</name>
                            <title>Set invard date: Sat, 21.12.2019</title>
                        </step>
                        <step start="1575644396131" stop="1575644401594" status="passed">
                            <name>setInwardTime[14:00]</name>
                            <title>Set inward time: 14:00</title>
                        </step>
                        <step start="1575644401595" stop="1575644406703" status="passed">
                            <name>setSearchMode[Dep]</name>
                            <title>Set search mode</title>
                        </step>
                        <step start="1575644406704" stop="1575644427385" status="passed">
                            <name>setPassengersData[SearchParams{stationFrom='Munich Hbf', stationTo='Venice Santa Lucia', roundTrip=true, outwardDate='Fr...]</name>
                            <title>Set passengers</title>
                            <steps>
                                <step start="1575644416929" stop="1575644427385" status="passed">
                                    <name>setPas1BirthDate[06121989]</name>
                                    <title>Set first passenger birth date: 06121989</title>
                                </step>
                            </steps>
                        </step>
                        <step start="1575644427386" stop="1575644432479" status="passed">
                            <name>clickSearchButton</name>
                            <title>Click search button</title>
                        </step>
                    </steps>
                </step>
                <step start="1575644541099" stop="1575644546352" status="passed">
                    <name>isElementPresent[Corr Id]</name>
                </step>
            </steps>
            <attachments>
                <attachment title="Fail listener on - International Booking" source="bfcb70f9-d43d-4cde-b4a8-b23be7ddfedb-attachment.png" type="image/png"/>
            </attachments>
            <labels>
                <label name="testSuite" value="Default Suite"/>
                <label name="testGroup" value="MCP"/>
                <label name="testClass" value="tests.dbmcpCC.PnrPrefixUITests"/>
                <label name="testMethod" value="UI_PNR_Prefix_NVS_TRE_RT_1A"/>
                <label name="host" value="IEVL569"/>
                <label name="thread" value="10400@IEVL569.main(1)"/>
            </labels>
        </test-case>
        <test-case start="1575644551588" stop="1575644570472" status="failed">
            <name>UI_PNR_Prefix_PAO_OneWay_MonoPax_OW_1A</name>
            <failure>
                <message>AssertionError: Connections not found</message>
                <stack-trace>java.lang.AssertionError: Connections not found
	at org.testng.Assert.fail(Assert.java:94)
	at pages.SearchPage.waitLoading(SearchPage.java:158)
	at pages.SearchPage.makeSearch(SearchPage.java:395)
	at tests.dbmcpCC.PnrPrefixUITests.UI_PNR_Prefix_PAO_OneWay_MonoPax_OW_1A(PnrPrefixUITests.java:218)
	at sun.reflect.NativeMethodAccessorImpl.invoke0(Native Method)
	at sun.reflect.NativeMethodAccessorImpl.invoke(NativeMethodAccessorImpl.java:62)
	at sun.reflect.DelegatingMethodAccessorImpl.invoke(DelegatingMethodAccessorImpl.java:43)
	at java.lang.reflect.Method.invoke(Method.java:498)
	at org.testng.internal.MethodInvocationHelper.invokeMethod(MethodInvocationHelper.java:104)
	at org.testng.internal.Invoker.invokeMethod(Invoker.java:645)
	at org.testng.internal.Invoker.invokeTestMethod(Invoker.java:851)
	at org.testng.internal.Invoker.invokeTestMethods(Invoker.java:1177)
	at org.testng.internal.TestMethodWorker.invokeTestMethods(TestMethodWorker.java:129)
	at org.testng.internal.TestMethodWorker.run(TestMethodWorker.java:112)
	at org.testng.TestRunner.privateRun(TestRunner.java:756)
	at org.testng.TestRunner.run(TestRunner.java:610)
	at org.testng.SuiteRunner.runTest(SuiteRunner.java:387)
	at org.testng.SuiteRunner.runSequentially(SuiteRunner.java:382)
	at org.testng.SuiteRunner.privateRun(SuiteRunner.java:340)
	at org.testng.SuiteRunner.run(SuiteRunner.java:289)
	at org.testng.SuiteRunnerWorker.runSuite(SuiteRunnerWorker.java:52)
	at org.testng.SuiteRunnerWorker.run(SuiteRunnerWorker.java:86)
	at org.testng.TestNG.runSuitesSequentially(TestNG.java:1293)
	at org.testng.TestNG.runSuitesLocally(TestNG.java:1218)
	at org.testng.TestNG.runSuites(TestNG.java:1133)
	at org.testng.TestNG.run(TestNG.java:1104)
	at org.testng.IDEARemoteTestNG.run(IDEARemoteTestNG.java:73)
	at org.testng.RemoteTestNGStarter.main(RemoteTestNGStarter.java:123)
</stack-trace>
            </failure>
            <steps>
                <step start="1575644551593" stop="1575644552636" status="passed">
                    <name>gotoUrl[https://dev2.mcp.local/en]</name>
                    <title>Go to url https://dev2.mcp.local/en</title>
                </step>
                <step start="1575644552638" stop="1575644552638" status="passed">
                    <name>setupSearchParams[Cities{id=8727100, name='Paris Nord'}, Cities{id=8503000, name='Zürich Hb'}, 1500]</name>
                    <title>Setup search params</title>
                </step>
                <step start="1575644552640" stop="1575644569970" status="failed">
                    <name>makeSearch[SearchParams{stationFrom='Paris Nord', stationTo='Zürich Hb', roundTrip=false, outwardDate='Fri, 20.12.2019',...]</name>
                    <title>Search: Perform search with params</title>
                    <steps>
                        <step start="1575644552642" stop="1575644553587" status="passed">
                            <name>setFrom[Paris Nord]</name>
                            <title>Set From field: Paris Nord</title>
                        </step>
                        <step start="1575644553588" stop="1575644554413" status="passed">
                            <name>setTo[Zürich Hb]</name>
                            <title>Set To field: Zürich Hb</title>
                        </step>
                        <step start="1575644554414" stop="1575644554904" status="passed">
                            <name>setOutwardDate[Fri, 20.12.2019]</name>
                            <title>Set outward date: Fri, 20.12.2019</title>
                        </step>
                        <step start="1575644554905" stop="1575644555305" status="passed">
                            <name>setOutwardTime[1500]</name>
                            <title>Set outward time: 1500</title>
                        </step>
                        <step start="1575644555307" stop="1575644555425" status="passed">
                            <name>setSearchMode[Dep]</name>
                            <title>Set search mode</title>
                        </step>
                        <step start="1575644555426" stop="1575644556063" status="passed">
                            <name>setPassengersData[SearchParams{stationFrom='Paris Nord', stationTo='Zürich Hb', roundTrip=false, outwardDate='Fri, 20.12...]</name>
                            <title>Set passengers</title>
                            <steps>
                                <step start="1575644555604" stop="1575644556063" status="passed">
                                    <name>setPas1BirthDate[06121989]</name>
                                    <title>Set first passenger birth date: 06121989</title>
                                </step>
                            </steps>
                        </step>
                        <step start="1575644556064" stop="1575644556906" status="passed">
                            <name>clickSearchButton</name>
                            <title>Click search button</title>
                        </step>
                    </steps>
                </step>
                <step start="1575644570408" stop="1575644570436" status="passed">
                    <name>isElementPresent[Corr Id]</name>
                </step>
            </steps>
            <attachments>
                <attachment title="Fail listener on - International Booking" source="dbbb7bf9-b8ca-4cd3-8fa3-c7252ab80f7f-attachment.png" type="image/png"/>
                <attachment title="CorrId" source="35b2c617-971b-4197-8576-cb31acea37ec-attachment.html" type="text/html"/>
            </attachments>
            <labels>
                <label name="testSuite" value="Default Suite"/>
                <label name="testGroup" value="MCP"/>
                <label name="testClass" value="tests.dbmcpCC.PnrPrefixUITests"/>
                <label name="testMethod" value="UI_PNR_Prefix_PAO_OneWay_MonoPax_OW_1A"/>
                <label name="host" value="IEVL569"/>
                <label name="thread" value="10400@IEVL569.main(1)"/>
            </labels>
        </test-case>
        <test-case start="1575644575734" stop="1575644686026" status="passed">
            <name>UI_PNR_Prefix_THALYS_OneWay_MultiPax_OW_1A</name>
            <steps>
                <step start="1575644575735" stop="1575644576774" status="passed">
                    <name>gotoUrl[https://dev2.mcp.local/en]</name>
                    <title>Go to url https://dev2.mcp.local/en</title>
                    <attachments/>
                    <steps/>
                </step>
                <step start="1575644576775" stop="1575644576775" status="passed">
                    <name>setupSearchParams[Cities{id=8727100, name='Paris Nord'}, Cities{id=8814001, name='Brussels South'}, 0800]</name>
                    <title>Setup search params</title>
                    <attachments/>
                    <steps/>
                </step>
                <step start="1575644576776" stop="1575644584366" status="passed">
                    <name>makeSearch[SearchParams{stationFrom='Paris Nord', stationTo='Brussels South', roundTrip=false, outwardDate='Fri, 13.12.2...]</name>
                    <title>Search: Perform search with params</title>
                    <attachments/>
                    <steps>
                        <step start="1575644576777" stop="1575644577753" status="passed">
                            <name>setFrom[Paris Nord]</name>
                            <title>Set From field: Paris Nord</title>
                            <attachments/>
                            <steps/>
                        </step>
                        <step start="1575644577755" stop="1575644578632" status="passed">
                            <name>setTo[Brussels South]</name>
                            <title>Set To field: Brussels South</title>
                            <attachments/>
                            <steps/>
                        </step>
                        <step start="1575644578633" stop="1575644579110" status="passed">
                            <name>setOutwardDate[Fri, 13.12.2019]</name>
                            <title>Set outward date: Fri, 13.12.2019</title>
                            <attachments/>
                            <steps/>
                        </step>
                        <step start="1575644579111" stop="1575644579494" status="passed">
                            <name>setOutwardTime[0800]</name>
                            <title>Set outward time: 0800</title>
                            <attachments/>
                            <steps/>
                        </step>
                        <step start="1575644579495" stop="1575644579615" status="passed">
                            <name>setSearchMode[Dep]</name>
                            <title>Set search mode</title>
                            <attachments/>
                            <steps/>
                        </step>
                        <step start="1575644579616" stop="1575644580273" status="passed">
                            <name>setPassengersData[SearchParams{stationFrom='Paris Nord', stationTo='Brussels South', roundTrip=false, outwardDate='Fri, ...]</name>
                            <title>Set passengers</title>
                            <attachments/>
                            <steps>
                                <step start="1575644579789" stop="1575644580273" status="passed">
                                    <name>setPas1BirthDate[06121989]</name>
                                    <title>Set first passenger birth date: 06121989</title>
                                    <attachments/>
                                    <steps/>
                                </step>
                            </steps>
                        </step>
                        <step start="1575644580274" stop="1575644581047" status="passed">
                            <name>clickSearchButton</name>
                            <title>Click search button</title>
                            <attachments/>
                            <steps/>
                        </step>
                    </steps>
                </step>
                <step start="1575644588244" stop="1575644589464" status="passed">
                    <name>selectConnectionByTrain[[Connection{stations=Paris Nord
Brussels South, time=08:25
09:47, duration=01:22, changes=0, pro...]</name>
                    <title>ConnectionsResult: Train(s) THALYS</title>
                    <attachments/>
                    <steps/>
                </step>
                <step start="1575644590118" stop="1575644592533" status="passed">
                    <name>selectOffer[[Offers{offerClass=2, product='THALYS
Standard', offer='Standard Mini', conditions='Ticket may not be change...]</name>
                    <title>Search offer: select offer:  Standard Mini for 2 class</title>
                    <attachments/>
                    <steps/>
                </step>
                <step start="1575644592534" stop="1575644595723" status="passed">
                    <name>clickContinueButton</name>
                    <title>Upsale: Click continue button</title>
                    <attachments/>
                    <steps/>
                </step>
                <step start="1575644595724" stop="1575644596642" status="passed">
                    <name>clickContinueButton</name>
                    <title>Ticket&amp;Reservation: Click continue button</title>
                    <attachments/>
                    <steps/>
                </step>
                <step start="1575644596643" stop="1575644597764" status="passed">
                    <name>fillPas1Data[Passenger{firstName='Johny', lastName='Depp', type='Adult', birthDate='06121989', salutation='Mr', email='v...]</name>
                    <title>PassengerDetails: Fill 1 pax data Passenger{firstName='Johny', lastName='Depp', type='Adult', birthDate='06121989', salu...</title>
                    <attachments/>
                    <steps/>
                </step>
                <step start="1575644597765" stop="1575644604352" status="passed">
                    <name>clickContinueButton</name>
                    <title>PassengerDetails: Click continue button</title>
                    <attachments/>
                    <steps/>
                </step>
                <step start="1575644604353" stop="1575644604543" status="passed">
                    <name>agreeWithTermsAndConditions</name>
                    <title>Check&amp;Book: Agree with terms&amp;conditions</title>
                    <attachments/>
                    <steps/>
                </step>
                <step start="1575644604544" stop="1575644609847" status="passed">
                    <name>clickProceedToPayment</name>
                    <title>Check&amp;Book: Proceed to Payment</title>
                    <attachments/>
                    <steps/>
                </step>
                <step start="1575644609848" stop="1575644610000" status="passed">
                    <name>selectPaymentType[CreditCard]</name>
                    <title>Payment: select payment type CreditCard</title>
                    <attachments/>
                    <steps/>
                </step>
                <step start="1575644610001" stop="1575644683295" status="passed">
                    <name>fillPayDataAndBuyByCreditCard</name>
                    <title>Payment: set payment data</title>
                    <attachments/>
                    <steps/>
                </step>
                <step start="1575644683296" stop="1575644683314" status="passed">
                    <name>getFailedPaymentBookingId</name>
                    <title>Payment: get bookingID if payment or ticketing is failed</title>
                    <attachments/>
                    <steps/>
                </step>
                <step start="1575644683367" stop="1575644683557" status="passed">
                    <name>gotoUrl[https://dev2.mcp.local/en/ordersearch]</name>
                    <title>Go to url https://dev2.mcp.local/en/ordersearch</title>
                    <attachments/>
                    <steps/>
                </step>
                <step start="1575644684511" stop="1575644684681" status="passed">
                    <name>gotoUrl[https://dev2.mcp.local/en/ordersearch]</name>
                    <title>Go to url https://dev2.mcp.local/en/ordersearch</title>
                    <attachments/>
                    <steps/>
                </step>
                <step start="1575644685957" stop="1575644685987" status="passed">
                    <name>isElementPresent[Corr Id]</name>
                    <attachments/>
                    <steps/>
                </step>
            </steps>
            <attachments>
                <attachment title="Success listener on - International Booking" source="7f936edc-2e59-4bae-b514-68886f05cca0-attachment.png" type="image/png"/>
                <attachment title="CorrId" source="3f56bfd6-eda4-4d13-a983-26efbf7dc5c8-attachment.html" type="text/html"/>
            </attachments>
            <labels>
                <label name="testSuite" value="Default Suite"/>
                <label name="testGroup" value="MCP"/>
                <label name="testClass" value="tests.dbmcpCC.PnrPrefixUITests"/>
                <label name="testMethod" value="UI_PNR_Prefix_THALYS_OneWay_MultiPax_OW_1A"/>
                <label name="host" value="IEVL569"/>
                <label name="thread" value="10400@IEVL569.main(1)"/>
            </labels>
        </test-case>
    </test-cases>
    <labels>
        <label name="framework" value="TestNG"/>
        <label name="language" value="JAVA"/>
    </labels>
</ns2:test-suite>
