<?xml version="1.0" encoding="UTF-8" standalone="yes"?>
<ns2:test-suite start="1575014937456" stop="1575015174016" version="1.5.0" xmlns:ns2="urn:model.allure.qatools.yandex.ru">
    <name>Default Suite : MCP</name>
    <title>Default Suite : MCP</title>
    <test-cases>
        <test-case start="1575014944531" stop="1575015173215" status="broken">
            <name>UI_PNR_Prefix_NVS_TRE_RT_1A</name>
            <failure>
                <message>TimeoutException: Expected condition failed: waiting for element to be clickable: Continue Button (tried for 100 second(s) with 500 milliseconds interval)</message>
                <stack-trace>org.openqa.selenium.TimeoutException: Expected condition failed: waiting for element to be clickable: Continue Button (tried for 100 second(s) with 500 milliseconds interval)
	at org.openqa.selenium.support.ui.WebDriverWait.timeoutException(WebDriverWait.java:81)
	at org.openqa.selenium.support.ui.FluentWait.until(FluentWait.java:271)
	at pages.BasePage.waitForElement(BasePage.java:51)
	at pages.PassengerDetailsPage.clickContinueButton(PassengerDetailsPage.java:60)
	at tests.dbmcpCC.PnrPrefixUITests.UI_PNR_Prefix_NVS_TRE_RT_1A(PnrPrefixUITests.java:138)
	at sun.reflect.NativeMethodAccessorImpl.invoke0(Native Method)
	at sun.reflect.NativeMethodAccessorImpl.invoke(NativeMethodAccessorImpl.java:62)
	at sun.reflect.DelegatingMethodAccessorImpl.invoke(DelegatingMethodAccessorImpl.java:43)
	at java.lang.reflect.Method.invoke(Method.java:498)
	at org.testng.internal.MethodInvocationHelper.invokeMethod(MethodInvocationHelper.java:104)
	at org.testng.internal.Invoker.invokeMethod(Invoker.java:645)
	at org.testng.internal.Invoker.invokeTestMethod(Invoker.java:851)
	at org.testng.internal.Invoker.invokeTestMethods(Invoker.java:1177)
	at org.testng.internal.TestMethodWorker.invokeTestMethods(TestMethodWorker.java:129)
	at org.testng.internal.TestMethodWorker.run(TestMethodWorker.java:112)
	at org.testng.TestRunner.privateRun(TestRunner.java:756)
	at org.testng.TestRunner.run(TestRunner.java:610)
	at org.testng.SuiteRunner.runTest(SuiteRunner.java:387)
	at org.testng.SuiteRunner.runSequentially(SuiteRunner.java:382)
	at org.testng.SuiteRunner.privateRun(SuiteRunner.java:340)
	at org.testng.SuiteRunner.run(SuiteRunner.java:289)
	at org.testng.SuiteRunnerWorker.runSuite(SuiteRunnerWorker.java:52)
	at org.testng.SuiteRunnerWorker.run(SuiteRunnerWorker.java:86)
	at org.testng.TestNG.runSuitesSequentially(TestNG.java:1293)
	at org.testng.TestNG.runSuitesLocally(TestNG.java:1218)
	at org.testng.TestNG.runSuites(TestNG.java:1133)
	at org.testng.TestNG.run(TestNG.java:1104)
	at org.testng.IDEARemoteTestNG.run(IDEARemoteTestNG.java:73)
	at org.testng.RemoteTestNGStarter.main(RemoteTestNGStarter.java:123)
Caused by: org.openqa.selenium.NoSuchElementException: Timed out after 5 seconds. Unable to locate the element
	at org.openqa.selenium.support.pagefactory.AjaxElementLocator.findElement(AjaxElementLocator.java:90)
	at org.openqa.selenium.support.pagefactory.internal.LocatingElementHandler.invoke(LocatingElementHandler.java:38)
	at ru.yandex.qatools.htmlelements.loader.decorator.proxyhandlers.WebElementNamedProxyHandler.invoke(WebElementNamedProxyHandler.java:44)
	at com.sun.proxy.$Proxy11.isDisplayed(Unknown Source)
	at org.openqa.selenium.support.ui.ExpectedConditions.elementIfVisible(ExpectedConditions.java:315)
	at org.openqa.selenium.support.ui.ExpectedConditions.access$100(ExpectedConditions.java:44)
	at org.openqa.selenium.support.ui.ExpectedConditions$10.apply(ExpectedConditions.java:301)
	at org.openqa.selenium.support.ui.ExpectedConditions$10.apply(ExpectedConditions.java:298)
	at org.openqa.selenium.support.ui.ExpectedConditions$23.apply(ExpectedConditions.java:686)
	at org.openqa.selenium.support.ui.ExpectedConditions$23.apply(ExpectedConditions.java:682)
	at org.openqa.selenium.support.ui.FluentWait.until(FluentWait.java:248)
	... 27 more
Caused by: org.openqa.selenium.NoSuchElementException: no such element: Unable to locate element: {"method":"id","selector":"book_request_doBooking"}
  (Session info: chrome=78.0.3904.108)
  (Driver info: chromedriver=2.43.600210 (68dcf5eebde37173d4027fa8635e332711d2874a),platform=Windows NT 10.0.17134 x86_64) (WARNING: The server did not provide any stacktrace information)
Command duration or timeout: 0 milliseconds
For documentation on this error, please visit: http://seleniumhq.org/exceptions/no_such_element.html
Build info: version: '3.11.0', revision: 'e59cfb3', time: '2018-03-11T20:26:55.152Z'
System info: host: 'IEVL569', ip: '169.254.35.181', os.name: 'Windows 10', os.arch: 'amd64', os.version: '10.0', java.version: '1.8.0_161'
Driver info: org.openqa.selenium.chrome.ChromeDriver
Capabilities {acceptInsecureCerts: true, acceptSslCerts: true, applicationCacheEnabled: false, browserConnectionEnabled: false, browserName: chrome, chrome: {chromedriverVersion: 2.43.600210 (68dcf5eebde371..., userDataDir: C:\Users\MATIUS~1\AppData\L...}, cssSelectorsEnabled: true, databaseEnabled: false, goog:chromeOptions: {debuggerAddress: localhost:62465}, handlesAlerts: true, hasTouchScreen: false, javascriptEnabled: true, locationContextEnabled: true, mobileEmulationEnabled: false, nativeEvents: true, networkConnectionEnabled: false, pageLoadStrategy: normal, platform: XP, platformName: XP, rotatable: false, setWindowRect: true, takesHeapSnapshot: true, takesScreenshot: true, unexpectedAlertBehaviour: , unhandledPromptBehavior: , version: 78.0.3904.108, webStorageEnabled: true}
Session ID: 84a8308f78a0df33f3127a0f72bd3758
*** Element info: {Using=id, value=book_request_doBooking}
	at sun.reflect.GeneratedConstructorAccessor17.newInstance(Unknown Source)
	at sun.reflect.DelegatingConstructorAccessorImpl.newInstance(DelegatingConstructorAccessorImpl.java:45)
	at java.lang.reflect.Constructor.newInstance(Constructor.java:423)
	at org.openqa.selenium.remote.ErrorHandler.createThrowable(ErrorHandler.java:214)
	at org.openqa.selenium.remote.ErrorHandler.throwIfResponseFailed(ErrorHandler.java:166)
	at org.openqa.selenium.remote.http.JsonHttpResponseCodec.reconstructValue(JsonHttpResponseCodec.java:40)
	at org.openqa.selenium.remote.http.AbstractHttpResponseCodec.decode(AbstractHttpResponseCodec.java:80)
	at org.openqa.selenium.remote.http.AbstractHttpResponseCodec.decode(AbstractHttpResponseCodec.java:44)
	at org.openqa.selenium.remote.HttpCommandExecutor.execute(HttpCommandExecutor.java:158)
	at org.openqa.selenium.remote.service.DriverCommandExecutor.execute(DriverCommandExecutor.java:83)
	at org.openqa.selenium.remote.RemoteWebDriver.execute(RemoteWebDriver.java:545)
	at org.openqa.selenium.remote.RemoteWebDriver.findElement(RemoteWebDriver.java:319)
	at org.openqa.selenium.remote.RemoteWebDriver.findElementById(RemoteWebDriver.java:365)
	at org.openqa.selenium.By$ById.findElement(By.java:218)
	at org.openqa.selenium.remote.RemoteWebDriver.findElement(RemoteWebDriver.java:311)
	at org.openqa.selenium.support.pagefactory.DefaultElementLocator.findElement(DefaultElementLocator.java:69)
	at org.openqa.selenium.support.pagefactory.AjaxElementLocator.access$001(AjaxElementLocator.java:40)
	at org.openqa.selenium.support.pagefactory.AjaxElementLocator$SlowLoadingElement.isLoaded(AjaxElementLocator.java:156)
	at org.openqa.selenium.support.ui.SlowLoadableComponent.get(SlowLoadableComponent.java:69)
	at org.openqa.selenium.support.pagefactory.AjaxElementLocator.findElement(AjaxElementLocator.java:86)
	... 37 more
</stack-trace>
            </failure>
            <steps>
                <step start="1575014944715" stop="1575014950624" status="passed">
                    <name>gotoUrl[https://dev2.mcp.local/en]</name>
                    <title>Go to url https://dev2.mcp.local/en</title>
                </step>
                <step start="1575014950627" stop="1575014950628" status="passed">
                    <name>setupSearchParams[Cities{id=8020347, name='Munich Hbf'}, Cities{id=8302593, name='Venice Santa Lucia'}, 10:00]</name>
                    <title>Setup search params</title>
                </step>
                <step start="1575014950635" stop="1575015008443" status="passed">
                    <name>makeSearch[SearchParams{stationFrom='Munich Hbf', stationTo='Venice Santa Lucia', roundTrip=true, outwardDate='Fri, 13.1...]</name>
                    <title>Search: Perform search with params</title>
                    <steps>
                        <step start="1575014950636" stop="1575014951642" status="passed">
                            <name>setFrom[Munich Hbf]</name>
                            <title>Set From field: Munich Hbf</title>
                        </step>
                        <step start="1575014951644" stop="1575014952565" status="passed">
                            <name>setTo[Venice Santa Lucia]</name>
                            <title>Set To field: Venice Santa Lucia</title>
                        </step>
                        <step start="1575014952567" stop="1575014953060" status="passed">
                            <name>setOutwardDate[Fri, 13.12.2019]</name>
                            <title>Set outward date: Fri, 13.12.2019</title>
                        </step>
                        <step start="1575014953062" stop="1575014953486" status="passed">
                            <name>setOutwardTime[10:00]</name>
                            <title>Set outward time: 10:00</title>
                        </step>
                        <step start="1575014953487" stop="1575014953566" status="passed">
                            <name>activateRoundTrip</name>
                            <title>Activate round trip</title>
                        </step>
                        <step start="1575014953567" stop="1575014953967" status="passed">
                            <name>setInwardDate[Sat, 14.12.2019]</name>
                            <title>Set invard date: Sat, 14.12.2019</title>
                        </step>
                        <step start="1575014953968" stop="1575014954375" status="passed">
                            <name>setInwardTime[14:00]</name>
                            <title>Set inward time: 14:00</title>
                        </step>
                        <step start="1575014954376" stop="1575014954472" status="passed">
                            <name>setSearchMode[Dep]</name>
                            <title>Set search mode</title>
                        </step>
                        <step start="1575014954473" stop="1575014955153" status="passed">
                            <name>setPassengersData[SearchParams{stationFrom='Munich Hbf', stationTo='Venice Santa Lucia', roundTrip=true, outwardDate='Fr...]</name>
                            <title>Set passengers</title>
                            <steps>
                                <step start="1575014954655" stop="1575014955153" status="passed">
                                    <name>setPas1BirthDate[29111989]</name>
                                    <title>Set first passenger birth date: 29111989</title>
                                </step>
                            </steps>
                        </step>
                        <step start="1575014955154" stop="1575014956243" status="passed">
                            <name>clickSearchButton</name>
                            <title>Click search button</title>
                        </step>
                    </steps>
                </step>
                <step start="1575015011599" stop="1575015013169" status="passed">
                    <name>selectConnectionByTrain[[Connection{stations=Munich Hbf
Venice Santa Lucia, time=11:34
18:10, duration=06:36, changes=0,...]</name>
                    <title>ConnectionsResult: Train(s) EC, FR (Frecciarossa)</title>
                </step>
                <step start="1575015016271" stop="1575015017687" status="passed">
                    <name>selectConnectionByTrain[[Connection{stations=Venice Santa Lucia
Munich Hbf, time=15:35
22:27, duration=06:52, changes=0,...]</name>
                    <title>ConnectionsResult: Train(s) EC</title>
                </step>
                <step start="1575015018527" stop="1575015026959" status="passed">
                    <name>selectFirstAvailableOffer[[Offers{offerClass=2, product='EC
2nd class', offer='Super Sparpreis Europa Italien', conditio...]</name>
                </step>
                <step start="1575015026960" stop="1575015029881" status="passed">
                    <name>clickContinueButton</name>
                    <title>Upsale: Click continue button</title>
                </step>
                <step start="1575015030693" stop="1575015034520" status="passed">
                    <name>selectFirstAvailableOffer[[Offers{offerClass=2, product='EC
2nd class', offer='Super Sparpreis Europa Italien', conditio...]</name>
                </step>
                <step start="1575015034521" stop="1575015039102" status="passed">
                    <name>clickContinueButton</name>
                    <title>Upsale: Click continue button</title>
                </step>
                <step start="1575015039103" stop="1575015039857" status="passed">
                    <name>clickReturnJourneyButton</name>
                    <title>Ticket&amp;Reservation: Click return journey button</title>
                </step>
                <step start="1575015039859" stop="1575015040573" status="passed">
                    <name>clickContinueButton</name>
                    <title>Ticket&amp;Reservation: Click continue button</title>
                </step>
                <step start="1575015040574" stop="1575015041747" status="passed">
                    <name>fillPas1Data[Passenger{firstName='Johny', lastName='Depp', type='Adult', birthDate='29111989', salutation='Mr', email='v...]</name>
                    <title>PassengerDetails: Fill 1 pax data Passenger{firstName='Johny', lastName='Depp', type='Adult', birthDate='29111989', salu...</title>
                </step>
                <step start="1575015041748" stop="1575015066503" status="passed">
                    <name>clickContinueButton</name>
                    <title>PassengerDetails: Click continue button</title>
                </step>
                <step start="1575015066525" stop="1575015171685" status="broken">
                    <name>clickContinueButton</name>
                    <title>PassengerDetails: Click continue button</title>
                </step>
            </steps>
            <attachments>
                <attachment title="Fail listener on - International Booking" source="8894cc23-1e3b-444b-9e3b-1543244b4919-attachment.png" type="image/png"/>
            </attachments>
            <labels>
                <label name="testSuite" value="Default Suite"/>
                <label name="testGroup" value="MCP"/>
                <label name="testClass" value="tests.dbmcpCC.PnrPrefixUITests"/>
                <label name="testMethod" value="UI_PNR_Prefix_NVS_TRE_RT_1A"/>
                <label name="host" value="IEVL569"/>
                <label name="thread" value="25392@IEVL569.main(1)"/>
            </labels>
        </test-case>
    </test-cases>
    <labels>
        <label name="framework" value="TestNG"/>
        <label name="language" value="JAVA"/>
    </labels>
</ns2:test-suite>
