<?xml version="1.0" encoding="UTF-8" standalone="yes"?>
<ns2:test-suite start="1574942085140" stop="1574943292695" version="1.5.0" xmlns:ns2="urn:model.allure.qatools.yandex.ru">
    <name>Default Suite : MCP</name>
    <title>Default Suite : MCP</title>
    <test-cases>
        <test-case start="1574942093946" stop="1574943292386" status="failed">
            <name>UI_BahnBonus_NVS_SBB_PAO_MultiSegWithBahnBonus_OW_1A</name>
            <failure>
                <message>AssertionError: The following asserts failed:
	Bahn Bonus inscription is wrong expected [true] but found [false]</message>
                <stack-trace>java.lang.AssertionError: The following asserts failed:
	Bahn Bonus inscription is wrong expected [true] but found [false]
	at org.testng.asserts.SoftAssert.assertAll(SoftAssert.java:43)
	at tests.dbmcpCC.BahnBonusPointsUITests.UI_BahnBonus_NVS_SBB_PAO_MultiSegWithBahnBonus_OW_1A(BahnBonusPointsUITests.java:277)
	at sun.reflect.NativeMethodAccessorImpl.invoke0(Native Method)
	at sun.reflect.NativeMethodAccessorImpl.invoke(NativeMethodAccessorImpl.java:62)
	at sun.reflect.DelegatingMethodAccessorImpl.invoke(DelegatingMethodAccessorImpl.java:43)
	at java.lang.reflect.Method.invoke(Method.java:498)
	at org.testng.internal.MethodInvocationHelper.invokeMethod(MethodInvocationHelper.java:104)
	at org.testng.internal.Invoker.invokeMethod(Invoker.java:645)
	at org.testng.internal.Invoker.invokeTestMethod(Invoker.java:851)
	at org.testng.internal.Invoker.invokeTestMethods(Invoker.java:1177)
	at org.testng.internal.TestMethodWorker.invokeTestMethods(TestMethodWorker.java:129)
	at org.testng.internal.TestMethodWorker.run(TestMethodWorker.java:112)
	at org.testng.TestRunner.privateRun(TestRunner.java:756)
	at org.testng.TestRunner.run(TestRunner.java:610)
	at org.testng.SuiteRunner.runTest(SuiteRunner.java:387)
	at org.testng.SuiteRunner.runSequentially(SuiteRunner.java:382)
	at org.testng.SuiteRunner.privateRun(SuiteRunner.java:340)
	at org.testng.SuiteRunner.run(SuiteRunner.java:289)
	at org.testng.SuiteRunnerWorker.runSuite(SuiteRunnerWorker.java:52)
	at org.testng.SuiteRunnerWorker.run(SuiteRunnerWorker.java:86)
	at org.testng.TestNG.runSuitesSequentially(TestNG.java:1293)
	at org.testng.TestNG.runSuitesLocally(TestNG.java:1218)
	at org.testng.TestNG.runSuites(TestNG.java:1133)
	at org.testng.TestNG.run(TestNG.java:1104)
	at org.testng.IDEARemoteTestNG.run(IDEARemoteTestNG.java:73)
	at org.testng.RemoteTestNGStarter.main(RemoteTestNGStarter.java:123)
</stack-trace>
            </failure>
            <steps>
                <step start="1574942093987" stop="1574942095179" status="passed">
                    <name>gotoUrl[https://dev2.mcp.local/en]</name>
                    <title>Go to url https://dev2.mcp.local/en</title>
                </step>
                <step start="1574942095184" stop="1574942095406" status="passed">
                    <name>setupSearchParams[Cities{id=8108000, name='Vienna Central Station'}, Cities{id=8775100, name='Marseille St. Charles'}, 1...]</name>
                    <title>Setup search params</title>
                </step>
                <step start="1574942095419" stop="1574942122657" status="passed">
                    <name>makeSearch[SearchParams{stationFrom='Vienna Central Station', stationTo='Marseille St. Charles', roundTrip=false, outwar...]</name>
                    <title>Search: Perform search with params</title>
                    <steps>
                        <step start="1574942095420" stop="1574942096674" status="passed">
                            <name>setFrom[Vienna Central Station]</name>
                            <title>Set From field: Vienna Central Station</title>
                        </step>
                        <step start="1574942096675" stop="1574942097625" status="passed">
                            <name>setTo[Marseille St. Charles]</name>
                            <title>Set To field: Marseille St. Charles</title>
                        </step>
                        <step start="1574942097626" stop="1574942098118" status="passed">
                            <name>setOutwardDate[Thu, 12.12.2019]</name>
                            <title>Set outward date: Thu, 12.12.2019</title>
                        </step>
                        <step start="1574942098119" stop="1574942098543" status="passed">
                            <name>setOutwardTime[11:17]</name>
                            <title>Set outward time: 11:17</title>
                        </step>
                        <step start="1574942098545" stop="1574942098654" status="passed">
                            <name>setSearchMode[Dep]</name>
                            <title>Set search mode</title>
                        </step>
                        <step start="1574942098655" stop="1574942099323" status="passed">
                            <name>setPassengers[SearchParams{stationFrom='Vienna Central Station', stationTo='Marseille St. Charles', roundTrip=false, out...]</name>
                            <title>Set passengers</title>
                            <steps>
                                <step start="1574942098838" stop="1574942099323" status="passed">
                                    <name>setPas1BirthDate[28111989]</name>
                                    <title>Set first passenger birth date: 28111989</title>
                                </step>
                            </steps>
                        </step>
                        <step start="1574942099324" stop="1574942100160" status="passed">
                            <name>clickSearchButton</name>
                            <title>Click search button</title>
                        </step>
                        <step start="1574942100162" stop="1574942122657" status="passed">
                            <name>checkSearchIsFinished</name>
                        </step>
                    </steps>
                </step>
                <step start="1574942125130" stop="1574942126341" status="passed">
                    <name>selectConnectionByTrain[[Connection{stations=Vienna Central Station
Marseille St. Charles, time=11:30
09:42, duration=22...]</name>
                    <title>ConnectionsResult: Train(s) RJX, EC, TGV, TGV DUPLEX</title>
                </step>
                <step start="1574942127016" stop="1574942136361" status="passed">
                    <name>selectFirstAvailableOffer[[Offers{offerClass=2, product='RJX
2nd class', offer='Standard-Ticket', conditions='Ticket can...]</name>
                </step>
                <step start="1574942136363" stop="1574942140493" status="passed">
                    <name>clickContinueButton</name>
                    <title>Upsale: Click continue button</title>
                </step>
                <step start="1574942140495" stop="1574942141557" status="passed">
                    <name>clickContinueButton</name>
                    <title>Ticket&amp;Reservation: Click continue button</title>
                </step>
                <step start="1574942141558" stop="1574942142686" status="passed">
                    <name>fillPas1Data[Passenger{firstName='Johny', lastName='Depp', type='Adult', birthDate='28111989', salutation='Mr', email='v...]</name>
                    <title>PassengerDetails: Fill 1 pax data Passenger{firstName='Johny', lastName='Depp', type='Adult', birthDate='28111989', salu...</title>
                </step>
                <step start="1574942150135" stop="1574942160327" status="passed">
                    <name>collectBahnBonuses[410078067095]</name>
                    <title>collect Bahn Bonuses</title>
                </step>
                <step start="1574942165837" stop="1574942211282" status="passed">
                    <name>clickContinueButton</name>
                    <title>PassengerDetails: Click continue button</title>
                </step>
            </steps>
            <attachments>
                <attachment title="Fail listener on - Check &amp; book - Error" source="09590838-897f-4741-8567-63e2ae1be8d9-attachment.png" type="image/png"/>
            </attachments>
            <labels>
                <label name="testSuite" value="Default Suite"/>
                <label name="testGroup" value="MCP"/>
                <label name="testClass" value="tests.dbmcpCC.BahnBonusPointsUITests"/>
                <label name="testMethod" value="UI_BahnBonus_NVS_SBB_PAO_MultiSegWithBahnBonus_OW_1A"/>
                <label name="host" value="IEVL569"/>
                <label name="thread" value="30420@IEVL569.main(1)"/>
            </labels>
        </test-case>
        <test-case start="1574942085140" stop="1574943292687" status="broken">
            <name>Default Suite : MCP</name>
            <title>Default Suite : MCP</title>
            <failure>
                <message>Test suite was interrupted, some test cases may be lost</message>
            </failure>
        </test-case>
    </test-cases>
    <labels>
        <label name="framework" value="TestNG"/>
        <label name="language" value="JAVA"/>
    </labels>
</ns2:test-suite>
