<?xml version="1.0" encoding="UTF-8" standalone="yes"?>
<ns2:test-suite start="1574947538972" stop="1574947600511" version="1.5.0" xmlns:ns2="urn:model.allure.qatools.yandex.ru">
    <name>Default Suite : MCP</name>
    <title>Default Suite : MCP</title>
    <test-cases>
        <test-case start="1574947545350" stop="1574947599656" status="broken">
            <name>UI_BahnBonus_Out_of_Range_CardNumber</name>
            <failure>
                <message>NoSuchElementException: Timed out after 5 seconds. Unable to locate the element</message>
                <stack-trace>org.openqa.selenium.NoSuchElementException: Timed out after 5 seconds. Unable to locate the element
	at org.openqa.selenium.support.pagefactory.AjaxElementLocator.findElement(AjaxElementLocator.java:90)
	at org.openqa.selenium.support.pagefactory.internal.LocatingElementHandler.invoke(LocatingElementHandler.java:38)
	at ru.yandex.qatools.htmlelements.loader.decorator.proxyhandlers.WebElementNamedProxyHandler.invoke(WebElementNamedProxyHandler.java:44)
	at com.sun.proxy.$Proxy11.isDisplayed(Unknown Source)
	at pages.PassengerDetailsPage.collectBahnBonuses(PassengerDetailsPage.java:195)
	at tests.dbmcpCC.BahnBonusPointsUITests.UI_BahnBonus_Out_of_Range_CardNumber(BahnBonusPointsUITests.java:131)
	at sun.reflect.NativeMethodAccessorImpl.invoke0(Native Method)
	at sun.reflect.NativeMethodAccessorImpl.invoke(NativeMethodAccessorImpl.java:62)
	at sun.reflect.DelegatingMethodAccessorImpl.invoke(DelegatingMethodAccessorImpl.java:43)
	at java.lang.reflect.Method.invoke(Method.java:498)
	at org.testng.internal.MethodInvocationHelper.invokeMethod(MethodInvocationHelper.java:104)
	at org.testng.internal.Invoker.invokeMethod(Invoker.java:645)
	at org.testng.internal.Invoker.invokeTestMethod(Invoker.java:851)
	at org.testng.internal.Invoker.invokeTestMethods(Invoker.java:1177)
	at org.testng.internal.TestMethodWorker.invokeTestMethods(TestMethodWorker.java:129)
	at org.testng.internal.TestMethodWorker.run(TestMethodWorker.java:112)
	at org.testng.TestRunner.privateRun(TestRunner.java:756)
	at org.testng.TestRunner.run(TestRunner.java:610)
	at org.testng.SuiteRunner.runTest(SuiteRunner.java:387)
	at org.testng.SuiteRunner.runSequentially(SuiteRunner.java:382)
	at org.testng.SuiteRunner.privateRun(SuiteRunner.java:340)
	at org.testng.SuiteRunner.run(SuiteRunner.java:289)
	at org.testng.SuiteRunnerWorker.runSuite(SuiteRunnerWorker.java:52)
	at org.testng.SuiteRunnerWorker.run(SuiteRunnerWorker.java:86)
	at org.testng.TestNG.runSuitesSequentially(TestNG.java:1293)
	at org.testng.TestNG.runSuitesLocally(TestNG.java:1218)
	at org.testng.TestNG.runSuites(TestNG.java:1133)
	at org.testng.TestNG.run(TestNG.java:1104)
	at org.testng.IDEARemoteTestNG.run(IDEARemoteTestNG.java:73)
	at org.testng.RemoteTestNGStarter.main(RemoteTestNGStarter.java:123)
Caused by: org.openqa.selenium.NoSuchElementException: Timed out after 5 seconds. Unable to locate the element
	at org.openqa.selenium.support.pagefactory.AjaxElementLocator.findElement(AjaxElementLocator.java:90)
	at org.openqa.selenium.support.pagefactory.internal.LocatingElementHandler.invoke(LocatingElementHandler.java:38)
	at ru.yandex.qatools.htmlelements.loader.decorator.proxyhandlers.WebElementNamedProxyHandler.invoke(WebElementNamedProxyHandler.java:44)
	at com.sun.proxy.$Proxy11.findElement(Unknown Source)
	at org.openqa.selenium.support.pagefactory.DefaultElementLocator.findElement(DefaultElementLocator.java:69)
	at org.openqa.selenium.support.pagefactory.AjaxElementLocator.access$001(AjaxElementLocator.java:40)
	at org.openqa.selenium.support.pagefactory.AjaxElementLocator$SlowLoadingElement.isLoaded(AjaxElementLocator.java:156)
	at org.openqa.selenium.support.ui.SlowLoadableComponent.get(SlowLoadableComponent.java:69)
	at org.openqa.selenium.support.pagefactory.AjaxElementLocator.findElement(AjaxElementLocator.java:86)
	... 29 more
Caused by: org.openqa.selenium.NoSuchElementException: no such element: Unable to locate element: {"method":"id","selector":"bonusCardForm"}
  (Session info: chrome=78.0.3904.108)
  (Driver info: chromedriver=2.43.600210 (68dcf5eebde37173d4027fa8635e332711d2874a),platform=Windows NT 10.0.17134 x86_64) (WARNING: The server did not provide any stacktrace information)
Command duration or timeout: 0 milliseconds
For documentation on this error, please visit: http://seleniumhq.org/exceptions/no_such_element.html
Build info: version: '3.11.0', revision: 'e59cfb3', time: '2018-03-11T20:26:55.152Z'
System info: host: 'IEVL569', ip: '169.254.35.181', os.name: 'Windows 10', os.arch: 'amd64', os.version: '10.0', java.version: '1.8.0_161'
Driver info: org.openqa.selenium.chrome.ChromeDriver
Capabilities {acceptInsecureCerts: true, acceptSslCerts: true, applicationCacheEnabled: false, browserConnectionEnabled: false, browserName: chrome, chrome: {chromedriverVersion: 2.43.600210 (68dcf5eebde371..., userDataDir: C:\Users\MATIUS~1\AppData\L...}, cssSelectorsEnabled: true, databaseEnabled: false, goog:chromeOptions: {debuggerAddress: localhost:50286}, handlesAlerts: true, hasTouchScreen: false, javascriptEnabled: true, locationContextEnabled: true, mobileEmulationEnabled: false, nativeEvents: true, networkConnectionEnabled: false, pageLoadStrategy: normal, platform: XP, platformName: XP, rotatable: false, setWindowRect: true, takesHeapSnapshot: true, takesScreenshot: true, unexpectedAlertBehaviour: , unhandledPromptBehavior: , version: 78.0.3904.108, webStorageEnabled: true}
Session ID: 3496ce8a9eaded15fce7b9041a0dd43c
*** Element info: {Using=id, value=bonusCardForm}
	at sun.reflect.GeneratedConstructorAccessor18.newInstance(Unknown Source)
	at sun.reflect.DelegatingConstructorAccessorImpl.newInstance(DelegatingConstructorAccessorImpl.java:45)
	at java.lang.reflect.Constructor.newInstance(Constructor.java:423)
	at org.openqa.selenium.remote.ErrorHandler.createThrowable(ErrorHandler.java:214)
	at org.openqa.selenium.remote.ErrorHandler.throwIfResponseFailed(ErrorHandler.java:166)
	at org.openqa.selenium.remote.http.JsonHttpResponseCodec.reconstructValue(JsonHttpResponseCodec.java:40)
	at org.openqa.selenium.remote.http.AbstractHttpResponseCodec.decode(AbstractHttpResponseCodec.java:80)
	at org.openqa.selenium.remote.http.AbstractHttpResponseCodec.decode(AbstractHttpResponseCodec.java:44)
	at org.openqa.selenium.remote.HttpCommandExecutor.execute(HttpCommandExecutor.java:158)
	at org.openqa.selenium.remote.service.DriverCommandExecutor.execute(DriverCommandExecutor.java:83)
	at org.openqa.selenium.remote.RemoteWebDriver.execute(RemoteWebDriver.java:545)
	at org.openqa.selenium.remote.RemoteWebDriver.findElement(RemoteWebDriver.java:319)
	at org.openqa.selenium.remote.RemoteWebDriver.findElementById(RemoteWebDriver.java:365)
	at org.openqa.selenium.By$ById.findElement(By.java:218)
	at org.openqa.selenium.remote.RemoteWebDriver.findElement(RemoteWebDriver.java:311)
	at org.openqa.selenium.support.pagefactory.DefaultElementLocator.findElement(DefaultElementLocator.java:69)
	at org.openqa.selenium.support.pagefactory.AjaxElementLocator.access$001(AjaxElementLocator.java:40)
	at org.openqa.selenium.support.pagefactory.AjaxElementLocator$SlowLoadingElement.isLoaded(AjaxElementLocator.java:156)
	at org.openqa.selenium.support.ui.SlowLoadableComponent.get(SlowLoadableComponent.java:69)
	at org.openqa.selenium.support.pagefactory.AjaxElementLocator.findElement(AjaxElementLocator.java:86)
	... 37 more
</stack-trace>
            </failure>
            <steps>
                <step start="1574947545373" stop="1574947547283" status="passed">
                    <name>gotoUrl[https://testing-mcp.contentrail.com/en]</name>
                    <title>Go to url https://testing-mcp.contentrail.com/en</title>
                </step>
                <step start="1574947547286" stop="1574947547462" status="passed">
                    <name>setupSearchParams[Cities{id=8020347, name='Munich Hbf'}, Cities{id=8503000, name='Zürich Hb'}, 1200]</name>
                    <title>Setup search params</title>
                </step>
                <step start="1574947547472" stop="1574947561887" status="passed">
                    <name>makeSearch[SearchParams{stationFrom='Munich Hbf', stationTo='Zürich Hb', roundTrip=false, outwardDate='Thu, 05.12.2019',...]</name>
                    <title>Search: Perform search with params</title>
                    <steps>
                        <step start="1574947547475" stop="1574947549019" status="passed">
                            <name>setFrom[Munich Hbf]</name>
                            <title>Set From field: Munich Hbf</title>
                        </step>
                        <step start="1574947549022" stop="1574947549994" status="passed">
                            <name>setTo[Zürich Hb]</name>
                            <title>Set To field: Zürich Hb</title>
                        </step>
                        <step start="1574947549998" stop="1574947550684" status="passed">
                            <name>setOutwardDate[Thu, 05.12.2019]</name>
                            <title>Set outward date: Thu, 05.12.2019</title>
                        </step>
                        <step start="1574947550686" stop="1574947551549" status="passed">
                            <name>setOutwardTime[1200]</name>
                            <title>Set outward time: 1200</title>
                        </step>
                        <step start="1574947551549" stop="1574947551791" status="passed">
                            <name>setSearchMode[Dep]</name>
                            <title>Set search mode</title>
                        </step>
                        <step start="1574947551793" stop="1574947552968" status="passed">
                            <name>setPassengersData[SearchParams{stationFrom='Munich Hbf', stationTo='Zürich Hb', roundTrip=false, outwardDate='Thu, 05.12...]</name>
                            <title>Set passengers</title>
                            <steps>
                                <step start="1574947552210" stop="1574947552968" status="passed">
                                    <name>setPas1BirthDate[28111989]</name>
                                    <title>Set first passenger birth date: 28111989</title>
                                </step>
                            </steps>
                        </step>
                        <step start="1574947552969" stop="1574947554334" status="passed">
                            <name>clickSearchButton</name>
                            <title>Click search button</title>
                        </step>
                    </steps>
                </step>
                <step start="1574947566946" stop="1574947569073" status="passed">
                    <name>selectConnectionByTrain[[Connection{stations=Munich Hbf
Zürich Hb, time=12:14
16:58, duration=04:44, changes=0, product=...]</name>
                    <title>ConnectionsResult: Train(s) EC</title>
                </step>
                <step start="1574947570297" stop="1574947574263" status="passed">
                    <name>selectOffer[[Offers{offerClass=2, product='EC
2nd class', offer='Super Sparpreis Europa Schweiz', conditions='Ticket may...]</name>
                    <title>Search offer: select offer:  Flexpreis for 2 class</title>
                </step>
                <step start="1574947574264" stop="1574947579209" status="passed">
                    <name>clickContinueButton</name>
                    <title>Upsale: Click continue button</title>
                </step>
                <step start="1574947579211" stop="1574947580868" status="passed">
                    <name>clickContinueButton</name>
                    <title>Ticket&amp;Reservation: Click continue button</title>
                </step>
                <step start="1574947580871" stop="1574947582854" status="passed">
                    <name>fillPas1Data[Passenger{firstName='Johny', lastName='Depp', type='Adult', birthDate='28111989', salutation='Mr', email='v...]</name>
                    <title>PassengerDetails: Fill 1 pax data Passenger{firstName='Johny', lastName='Depp', type='Adult', birthDate='28111989', salu...</title>
                </step>
                <step start="1574947582856" stop="1574947598987" status="broken">
                    <name>collectBahnBonuses[418258196139]</name>
                    <title>collect Bahn Bonuses</title>
                </step>
            </steps>
            <attachments>
                <attachment title="Fail listener on - International Booking" source="4b6e6f89-b81e-4847-bf09-63ded9b560a7-attachment.png" type="image/png"/>
            </attachments>
            <labels>
                <label name="testSuite" value="Default Suite"/>
                <label name="testGroup" value="MCP"/>
                <label name="testClass" value="tests.dbmcpCC.BahnBonusPointsUITests"/>
                <label name="testMethod" value="UI_BahnBonus_Out_of_Range_CardNumber"/>
                <label name="host" value="IEVL569"/>
                <label name="thread" value="28844@IEVL569.main(1)"/>
            </labels>
        </test-case>
    </test-cases>
    <labels>
        <label name="framework" value="TestNG"/>
        <label name="language" value="JAVA"/>
    </labels>
</ns2:test-suite>
