<?xml version="1.0" encoding="UTF-8" standalone="yes"?>
<ns2:test-suite start="1574934690866" stop="1574935017125" version="1.5.0" xmlns:ns2="urn:model.allure.qatools.yandex.ru">
    <name>Default Suite : MCP</name>
    <title>Default Suite : MCP</title>
    <test-cases>
        <test-case start="1574934698177" stop="1574934740124" status="passed">
            <name>UI_BahnBonusCardNotSelected_OW_1A</name>
            <steps>
                <step start="1574934698211" stop="1574934699251" status="passed">
                    <name>gotoUrl[https://dev2.mcp.local/en]</name>
                    <title>Go to url https://dev2.mcp.local/en</title>
                    <attachments/>
                    <steps/>
                </step>
                <step start="1574934699255" stop="1574934699437" status="passed">
                    <name>setupSearchParams[Cities{id=8020347, name='Munich Hbf'}, Cities{id=8503000, name='Zürich Hb'}, 1200]</name>
                    <title>Setup search params</title>
                    <attachments/>
                    <steps/>
                </step>
                <step start="1574934699444" stop="1574934711948" status="passed">
                    <name>makeSearch[SearchParams{stationFrom='Munich Hbf', stationTo='Zürich Hb', roundTrip=false, outwardDate='Thu, 05.12.2019',...]</name>
                    <title>Search: Perform search with params</title>
                    <attachments/>
                    <steps>
                        <step start="1574934699447" stop="1574934700328" status="passed">
                            <name>setFrom[Munich Hbf]</name>
                            <title>Set From field: Munich Hbf</title>
                            <attachments/>
                            <steps/>
                        </step>
                        <step start="1574934700329" stop="1574934701194" status="passed">
                            <name>setTo[Zürich Hb]</name>
                            <title>Set To field: Zürich Hb</title>
                            <attachments/>
                            <steps/>
                        </step>
                        <step start="1574934701196" stop="1574934701688" status="passed">
                            <name>setOutwardDate[Thu, 05.12.2019]</name>
                            <title>Set outward date: Thu, 05.12.2019</title>
                            <attachments/>
                            <steps/>
                        </step>
                        <step start="1574934701689" stop="1574934702100" status="passed">
                            <name>setOutwardTime[1200]</name>
                            <title>Set outward time: 1200</title>
                            <attachments/>
                            <steps/>
                        </step>
                        <step start="1574934702102" stop="1574934702209" status="passed">
                            <name>setSearchMode[Dep]</name>
                            <title>Set search mode</title>
                            <attachments/>
                            <steps/>
                        </step>
                        <step start="1574934702211" stop="1574934703693" status="passed">
                            <name>setPassengers[SearchParams{stationFrom='Munich Hbf', stationTo='Zürich Hb', roundTrip=false, outwardDate='Thu, 05.12.201...]</name>
                            <title>Set passengers</title>
                            <attachments/>
                            <steps>
                                <step start="1574934702403" stop="1574934703693" status="passed">
                                    <name>setPas1BirthDate[28111989]</name>
                                    <title>Set first passenger birth date: 28111989</title>
                                    <attachments/>
                                    <steps/>
                                </step>
                            </steps>
                        </step>
                        <step start="1574934703694" stop="1574934704559" status="passed">
                            <name>clickSearchButton</name>
                            <title>Click search button</title>
                            <attachments/>
                            <steps/>
                        </step>
                        <step start="1574934704560" stop="1574934711948" status="passed">
                            <name>checkSearchIsFinished</name>
                            <attachments/>
                            <steps/>
                        </step>
                    </steps>
                </step>
                <step start="1574934715605" stop="1574934716737" status="passed">
                    <name>selectConnectionByTrain[[Connection{stations=Munich Hbf
Zürich Hb, time=12:14
16:58, duration=04:44, changes=0, product=...]</name>
                    <title>ConnectionsResult: Train(s) EC</title>
                    <attachments/>
                    <steps/>
                </step>
                <step start="1574934717426" stop="1574934720551" status="passed">
                    <name>selectOffer[[Offers{offerClass=2, product='EC
2nd class', offer='Super Sparpreis Europa Schweiz', conditions='Ticket may...]</name>
                    <title>Search offer: select offer:  Flexpreis for 2</title>
                    <attachments/>
                    <steps/>
                </step>
                <step start="1574934720552" stop="1574934724110" status="passed">
                    <name>clickContinueButton</name>
                    <title>Upsale: Click continue button</title>
                    <attachments/>
                    <steps/>
                </step>
                <step start="1574934724111" stop="1574934724778" status="passed">
                    <name>clickContinueButton</name>
                    <title>Ticket&amp;Reservation: Click continue button</title>
                    <attachments/>
                    <steps/>
                </step>
                <step start="1574934724779" stop="1574934726154" status="passed">
                    <name>fillPas1Data[Passenger{firstName='Johny', lastName='Depp', type='Adult', birthDate='28111989', salutation='Mr', email='v...]</name>
                    <title>PassengerDetails: Fill 1 pax data Passenger{firstName='Johny', lastName='Depp', type='Adult', birthDate='28111989', salu...</title>
                    <attachments/>
                    <steps/>
                </step>
                <step start="1574934726278" stop="1574934733125" status="passed">
                    <name>clickContinueButton</name>
                    <title>PassengerDetails: Click continue button</title>
                    <attachments/>
                    <steps/>
                </step>
            </steps>
            <attachments>
                <attachment title="Success listener on - International Booking" source="be119d16-47d8-4393-b3fa-fe0408f940ea-attachment.png" type="image/png"/>
            </attachments>
            <labels>
                <label name="testSuite" value="Default Suite"/>
                <label name="testGroup" value="MCP"/>
                <label name="testClass" value="tests.dbmcpCC.BahnBonusPointsUITests"/>
                <label name="testMethod" value="UI_BahnBonusCardNotSelected_OW_1A"/>
                <label name="host" value="IEVL569"/>
                <label name="thread" value="19160@IEVL569.main(1)"/>
            </labels>
        </test-case>
        <test-case start="1574934746020" stop="1574934779188" status="passed">
            <name>UI_BahnBonus_EmptyCardNumber_OW_1A</name>
            <steps>
                <step start="1574934746023" stop="1574934747063" status="passed">
                    <name>gotoUrl[https://dev2.mcp.local/en]</name>
                    <title>Go to url https://dev2.mcp.local/en</title>
                    <attachments/>
                    <steps/>
                </step>
                <step start="1574934747064" stop="1574934747064" status="passed">
                    <name>setupSearchParams[Cities{id=8020347, name='Munich Hbf'}, Cities{id=8503000, name='Zürich Hb'}, 1200]</name>
                    <title>Setup search params</title>
                    <attachments/>
                    <steps/>
                </step>
                <step start="1574934747065" stop="1574934758685" status="passed">
                    <name>makeSearch[SearchParams{stationFrom='Munich Hbf', stationTo='Zürich Hb', roundTrip=false, outwardDate='Thu, 05.12.2019',...]</name>
                    <title>Search: Perform search with params</title>
                    <attachments/>
                    <steps>
                        <step start="1574934747066" stop="1574934748003" status="passed">
                            <name>setFrom[Munich Hbf]</name>
                            <title>Set From field: Munich Hbf</title>
                            <attachments/>
                            <steps/>
                        </step>
                        <step start="1574934748005" stop="1574934748816" status="passed">
                            <name>setTo[Zürich Hb]</name>
                            <title>Set To field: Zürich Hb</title>
                            <attachments/>
                            <steps/>
                        </step>
                        <step start="1574934748816" stop="1574934749305" status="passed">
                            <name>setOutwardDate[Thu, 05.12.2019]</name>
                            <title>Set outward date: Thu, 05.12.2019</title>
                            <attachments/>
                            <steps/>
                        </step>
                        <step start="1574934749306" stop="1574934749708" status="passed">
                            <name>setOutwardTime[1200]</name>
                            <title>Set outward time: 1200</title>
                            <attachments/>
                            <steps/>
                        </step>
                        <step start="1574934749709" stop="1574934749815" status="passed">
                            <name>setSearchMode[Dep]</name>
                            <title>Set search mode</title>
                            <attachments/>
                            <steps/>
                        </step>
                        <step start="1574934749816" stop="1574934750492" status="passed">
                            <name>setPassengers[SearchParams{stationFrom='Munich Hbf', stationTo='Zürich Hb', roundTrip=false, outwardDate='Thu, 05.12.201...]</name>
                            <title>Set passengers</title>
                            <attachments/>
                            <steps>
                                <step start="1574934750012" stop="1574934750492" status="passed">
                                    <name>setPas1BirthDate[28111989]</name>
                                    <title>Set first passenger birth date: 28111989</title>
                                    <attachments/>
                                    <steps/>
                                </step>
                            </steps>
                        </step>
                        <step start="1574934750493" stop="1574934751303" status="passed">
                            <name>clickSearchButton</name>
                            <title>Click search button</title>
                            <attachments/>
                            <steps/>
                        </step>
                        <step start="1574934751304" stop="1574934758685" status="passed">
                            <name>checkSearchIsFinished</name>
                            <attachments/>
                            <steps/>
                        </step>
                    </steps>
                </step>
                <step start="1574934762267" stop="1574934763478" status="passed">
                    <name>selectConnectionByTrain[[Connection{stations=Munich Hbf
Zürich Hb, time=12:14
16:58, duration=04:44, changes=0, product=...]</name>
                    <title>ConnectionsResult: Train(s) EC</title>
                    <attachments/>
                    <steps/>
                </step>
                <step start="1574934764165" stop="1574934767581" status="passed">
                    <name>selectOffer[[Offers{offerClass=2, product='EC
2nd class', offer='Super Sparpreis Europa Schweiz', conditions='Ticket may...]</name>
                    <title>Search offer: select offer:  Flexpreis for 2</title>
                    <attachments/>
                    <steps/>
                </step>
                <step start="1574934767581" stop="1574934771028" status="passed">
                    <name>clickContinueButton</name>
                    <title>Upsale: Click continue button</title>
                    <attachments/>
                    <steps/>
                </step>
                <step start="1574934771028" stop="1574934771989" status="passed">
                    <name>clickContinueButton</name>
                    <title>Ticket&amp;Reservation: Click continue button</title>
                    <attachments/>
                    <steps/>
                </step>
                <step start="1574934771990" stop="1574934773109" status="passed">
                    <name>fillPas1Data[Passenger{firstName='Johny', lastName='Depp', type='Adult', birthDate='28111989', salutation='Mr', email='v...]</name>
                    <title>PassengerDetails: Fill 1 pax data Passenger{firstName='Johny', lastName='Depp', type='Adult', birthDate='28111989', salu...</title>
                    <attachments/>
                    <steps/>
                </step>
                <step start="1574934773110" stop="1574934775937" status="passed">
                    <name>collectBahnBonuses[]</name>
                    <title>collect Bahn Bonuses</title>
                    <attachments/>
                    <steps/>
                </step>
                <step start="1574934776015" stop="1574934778559" status="passed">
                    <name>clickContinueButton</name>
                    <title>PassengerDetails: Click continue button</title>
                    <attachments/>
                    <steps/>
                </step>
            </steps>
            <attachments>
                <attachment title="Success listener on - International Booking" source="b9b7122d-0dc7-438b-a6c3-0d6f14495a2c-attachment.png" type="image/png"/>
            </attachments>
            <labels>
                <label name="testSuite" value="Default Suite"/>
                <label name="testGroup" value="MCP"/>
                <label name="testClass" value="tests.dbmcpCC.BahnBonusPointsUITests"/>
                <label name="testMethod" value="UI_BahnBonus_EmptyCardNumber_OW_1A"/>
                <label name="host" value="IEVL569"/>
                <label name="thread" value="19160@IEVL569.main(1)"/>
            </labels>
        </test-case>
        <test-case start="1574934784578" stop="1574934836384" status="broken">
            <name>UI_BahnBonus_InvalidCheckSum_CardNumber</name>
            <failure>
                <message>TimeoutException: Expected condition failed: waiting for visibility of Card Number Input (tried for 20 second(s) with 500 milliseconds interval)
Build info: version: '3.11.0', revision: 'e59cfb3', time: '2018-03-11T20:26:55.152Z'
System info: host: 'IEVL569', ip: '169.254.35.181', os.name: 'Windows 10', os.arch: 'amd64', os.version: '10.0', java.version: '1.8.0_161'
Driver info: org.openqa.selenium.chrome.ChromeDriver
Capabilities {acceptInsecureCerts: true, acceptSslCerts: true, applicationCacheEnabled: false, browserConnectionEnabled: false, browserName: chrome, chrome: {chromedriverVersion: 2.43.600210 (68dcf5eebde371..., userDataDir: C:\Users\MATIUS~1\AppData\L...}, cssSelectorsEnabled: true, databaseEnabled: false, goog:chromeOptions: {debuggerAddress: localhost:56996}, handlesAlerts: true, hasTouchScreen: false, javascriptEnabled: true, locationContextEnabled: true, mobileEmulationEnabled: false, nativeEvents: true, networkConnectionEnabled: false, pageLoadStrategy: normal, platform: XP, platformName: XP, rotatable: false, setWindowRect: true, takesHeapSnapshot: true, takesScreenshot: true, unexpectedAlertBehaviour: , unhandledPromptBehavior: , version: 78.0.3904.108, webStorageEnabled: true}
Session ID: 3ff9e07264324d9b94aa2c3d75a3b59d</message>
                <stack-trace>org.openqa.selenium.TimeoutException: Expected condition failed: waiting for visibility of Card Number Input (tried for 20 second(s) with 500 milliseconds interval)
Build info: version: '3.11.0', revision: 'e59cfb3', time: '2018-03-11T20:26:55.152Z'
System info: host: 'IEVL569', ip: '169.254.35.181', os.name: 'Windows 10', os.arch: 'amd64', os.version: '10.0', java.version: '1.8.0_161'
Driver info: org.openqa.selenium.chrome.ChromeDriver
Capabilities {acceptInsecureCerts: true, acceptSslCerts: true, applicationCacheEnabled: false, browserConnectionEnabled: false, browserName: chrome, chrome: {chromedriverVersion: 2.43.600210 (68dcf5eebde371..., userDataDir: C:\Users\MATIUS~1\AppData\L...}, cssSelectorsEnabled: true, databaseEnabled: false, goog:chromeOptions: {debuggerAddress: localhost:56996}, handlesAlerts: true, hasTouchScreen: false, javascriptEnabled: true, locationContextEnabled: true, mobileEmulationEnabled: false, nativeEvents: true, networkConnectionEnabled: false, pageLoadStrategy: normal, platform: XP, platformName: XP, rotatable: false, setWindowRect: true, takesHeapSnapshot: true, takesScreenshot: true, unexpectedAlertBehaviour: , unhandledPromptBehavior: , version: 78.0.3904.108, webStorageEnabled: true}
Session ID: 3ff9e07264324d9b94aa2c3d75a3b59d
	at org.openqa.selenium.support.ui.WebDriverWait.timeoutException(WebDriverWait.java:81)
	at org.openqa.selenium.support.ui.FluentWait.until(FluentWait.java:271)
	at pages.BasePage.waitElementVisible(BasePage.java:81)
	at pages.PassengerDetailsPage.collectBahnBonuses(PassengerDetailsPage.java:190)
	at tests.dbmcpCC.BahnBonusPointsUITests.UI_BahnBonus_InvalidCheckSum_CardNumber(BahnBonusPointsUITests.java:152)
	at sun.reflect.NativeMethodAccessorImpl.invoke0(Native Method)
	at sun.reflect.NativeMethodAccessorImpl.invoke(NativeMethodAccessorImpl.java:62)
	at sun.reflect.DelegatingMethodAccessorImpl.invoke(DelegatingMethodAccessorImpl.java:43)
	at java.lang.reflect.Method.invoke(Method.java:498)
	at org.testng.internal.MethodInvocationHelper.invokeMethod(MethodInvocationHelper.java:104)
	at org.testng.internal.Invoker.invokeMethod(Invoker.java:645)
	at org.testng.internal.Invoker.invokeTestMethod(Invoker.java:851)
	at org.testng.internal.Invoker.invokeTestMethods(Invoker.java:1177)
	at org.testng.internal.TestMethodWorker.invokeTestMethods(TestMethodWorker.java:129)
	at org.testng.internal.TestMethodWorker.run(TestMethodWorker.java:112)
	at org.testng.TestRunner.privateRun(TestRunner.java:756)
	at org.testng.TestRunner.run(TestRunner.java:610)
	at org.testng.SuiteRunner.runTest(SuiteRunner.java:387)
	at org.testng.SuiteRunner.runSequentially(SuiteRunner.java:382)
	at org.testng.SuiteRunner.privateRun(SuiteRunner.java:340)
	at org.testng.SuiteRunner.run(SuiteRunner.java:289)
	at org.testng.SuiteRunnerWorker.runSuite(SuiteRunnerWorker.java:52)
	at org.testng.SuiteRunnerWorker.run(SuiteRunnerWorker.java:86)
	at org.testng.TestNG.runSuitesSequentially(TestNG.java:1293)
	at org.testng.TestNG.runSuitesLocally(TestNG.java:1218)
	at org.testng.TestNG.runSuites(TestNG.java:1133)
	at org.testng.TestNG.run(TestNG.java:1104)
	at org.testng.IDEARemoteTestNG.run(IDEARemoteTestNG.java:73)
	at org.testng.RemoteTestNGStarter.main(RemoteTestNGStarter.java:123)
</stack-trace>
            </failure>
            <steps>
                <step start="1574934784579" stop="1574934785555" status="passed">
                    <name>gotoUrl[https://dev2.mcp.local/en]</name>
                    <title>Go to url https://dev2.mcp.local/en</title>
                </step>
                <step start="1574934785556" stop="1574934785557" status="passed">
                    <name>setupSearchParams[Cities{id=8020347, name='Munich Hbf'}, Cities{id=8503000, name='Zürich Hb'}, 1200]</name>
                    <title>Setup search params</title>
                </step>
                <step start="1574934785558" stop="1574934797829" status="passed">
                    <name>makeSearch[SearchParams{stationFrom='Munich Hbf', stationTo='Zürich Hb', roundTrip=false, outwardDate='Thu, 05.12.2019',...]</name>
                    <title>Search: Perform search with params</title>
                    <steps>
                        <step start="1574934785559" stop="1574934786522" status="passed">
                            <name>setFrom[Munich Hbf]</name>
                            <title>Set From field: Munich Hbf</title>
                        </step>
                        <step start="1574934786523" stop="1574934787339" status="passed">
                            <name>setTo[Zürich Hb]</name>
                            <title>Set To field: Zürich Hb</title>
                        </step>
                        <step start="1574934787339" stop="1574934787820" status="passed">
                            <name>setOutwardDate[Thu, 05.12.2019]</name>
                            <title>Set outward date: Thu, 05.12.2019</title>
                        </step>
                        <step start="1574934787821" stop="1574934788220" status="passed">
                            <name>setOutwardTime[1200]</name>
                            <title>Set outward time: 1200</title>
                        </step>
                        <step start="1574934788221" stop="1574934788324" status="passed">
                            <name>setSearchMode[Dep]</name>
                            <title>Set search mode</title>
                        </step>
                        <step start="1574934788325" stop="1574934789049" status="passed">
                            <name>setPassengers[SearchParams{stationFrom='Munich Hbf', stationTo='Zürich Hb', roundTrip=false, outwardDate='Thu, 05.12.201...]</name>
                            <title>Set passengers</title>
                            <steps>
                                <step start="1574934788505" stop="1574934789049" status="passed">
                                    <name>setPas1BirthDate[28111989]</name>
                                    <title>Set first passenger birth date: 28111989</title>
                                </step>
                            </steps>
                        </step>
                        <step start="1574934789050" stop="1574934789930" status="passed">
                            <name>clickSearchButton</name>
                            <title>Click search button</title>
                        </step>
                        <step start="1574934789931" stop="1574934797829" status="passed">
                            <name>checkSearchIsFinished</name>
                        </step>
                    </steps>
                </step>
                <step start="1574934801399" stop="1574934803022" status="passed">
                    <name>selectConnectionByTrain[[Connection{stations=Munich Hbf
Zürich Hb, time=12:14
16:58, duration=04:44, changes=0, product=...]</name>
                    <title>ConnectionsResult: Train(s) EC</title>
                </step>
                <step start="1574934803886" stop="1574934807209" status="passed">
                    <name>selectOffer[[Offers{offerClass=2, product='EC
2nd class', offer='Super Sparpreis Europa Schweiz', conditions='Ticket may...]</name>
                    <title>Search offer: select offer:  Flexpreis for 2</title>
                </step>
                <step start="1574934807210" stop="1574934810701" status="passed">
                    <name>clickContinueButton</name>
                    <title>Upsale: Click continue button</title>
                </step>
                <step start="1574934810701" stop="1574934811267" status="passed">
                    <name>clickContinueButton</name>
                    <title>Ticket&amp;Reservation: Click continue button</title>
                </step>
                <step start="1574934811268" stop="1574934812611" status="passed">
                    <name>fillPas1Data[Passenger{firstName='Johny', lastName='Depp', type='Adult', birthDate='28111989', salutation='Mr', email='v...]</name>
                    <title>PassengerDetails: Fill 1 pax data Passenger{firstName='Johny', lastName='Depp', type='Adult', birthDate='28111989', salu...</title>
                </step>
                <step start="1574934812612" stop="1574934834991" status="broken">
                    <name>collectBahnBonuses[417257844445]</name>
                    <title>collect Bahn Bonuses</title>
                </step>
            </steps>
            <attachments>
                <attachment title="Fail listener on - International Booking" source="cb0c92c6-a7be-4135-bae2-8cae7737160e-attachment.png" type="image/png"/>
            </attachments>
            <labels>
                <label name="testSuite" value="Default Suite"/>
                <label name="testGroup" value="MCP"/>
                <label name="testClass" value="tests.dbmcpCC.BahnBonusPointsUITests"/>
                <label name="testMethod" value="UI_BahnBonus_InvalidCheckSum_CardNumber"/>
                <label name="host" value="IEVL569"/>
                <label name="thread" value="19160@IEVL569.main(1)"/>
            </labels>
        </test-case>
        <test-case start="1574934841915" stop="1574934876193" status="passed">
            <name>UI_BahnBonus_LettersInCardNumber</name>
            <steps>
                <step start="1574934841918" stop="1574934843073" status="passed">
                    <name>gotoUrl[https://dev2.mcp.local/en]</name>
                    <title>Go to url https://dev2.mcp.local/en</title>
                    <attachments/>
                    <steps/>
                </step>
                <step start="1574934843075" stop="1574934843075" status="passed">
                    <name>setupSearchParams[Cities{id=8020347, name='Munich Hbf'}, Cities{id=8503000, name='Zürich Hb'}, 1200]</name>
                    <title>Setup search params</title>
                    <attachments/>
                    <steps/>
                </step>
                <step start="1574934843076" stop="1574934854815" status="passed">
                    <name>makeSearch[SearchParams{stationFrom='Munich Hbf', stationTo='Zürich Hb', roundTrip=false, outwardDate='Thu, 05.12.2019',...]</name>
                    <title>Search: Perform search with params</title>
                    <attachments/>
                    <steps>
                        <step start="1574934843078" stop="1574934844037" status="passed">
                            <name>setFrom[Munich Hbf]</name>
                            <title>Set From field: Munich Hbf</title>
                            <attachments/>
                            <steps/>
                        </step>
                        <step start="1574934844039" stop="1574934844864" status="passed">
                            <name>setTo[Zürich Hb]</name>
                            <title>Set To field: Zürich Hb</title>
                            <attachments/>
                            <steps/>
                        </step>
                        <step start="1574934844866" stop="1574934845371" status="passed">
                            <name>setOutwardDate[Thu, 05.12.2019]</name>
                            <title>Set outward date: Thu, 05.12.2019</title>
                            <attachments/>
                            <steps/>
                        </step>
                        <step start="1574934845372" stop="1574934845793" status="passed">
                            <name>setOutwardTime[1200]</name>
                            <title>Set outward time: 1200</title>
                            <attachments/>
                            <steps/>
                        </step>
                        <step start="1574934845794" stop="1574934845904" status="passed">
                            <name>setSearchMode[Dep]</name>
                            <title>Set search mode</title>
                            <attachments/>
                            <steps/>
                        </step>
                        <step start="1574934845905" stop="1574934846577" status="passed">
                            <name>setPassengers[SearchParams{stationFrom='Munich Hbf', stationTo='Zürich Hb', roundTrip=false, outwardDate='Thu, 05.12.201...]</name>
                            <title>Set passengers</title>
                            <attachments/>
                            <steps>
                                <step start="1574934846097" stop="1574934846577" status="passed">
                                    <name>setPas1BirthDate[28111989]</name>
                                    <title>Set first passenger birth date: 28111989</title>
                                    <attachments/>
                                    <steps/>
                                </step>
                            </steps>
                        </step>
                        <step start="1574934846578" stop="1574934847435" status="passed">
                            <name>clickSearchButton</name>
                            <title>Click search button</title>
                            <attachments/>
                            <steps/>
                        </step>
                        <step start="1574934847436" stop="1574934854815" status="passed">
                            <name>checkSearchIsFinished</name>
                            <attachments/>
                            <steps/>
                        </step>
                    </steps>
                </step>
                <step start="1574934858475" stop="1574934859256" status="passed">
                    <name>selectConnectionByTrain[[Connection{stations=Munich Hbf
Zürich Hb, time=12:14
16:58, duration=04:44, changes=0, product=...]</name>
                    <title>ConnectionsResult: Train(s) EC</title>
                    <attachments/>
                    <steps/>
                </step>
                <step start="1574934860286" stop="1574934863524" status="passed">
                    <name>selectOffer[[Offers{offerClass=2, product='EC
2nd class', offer='Super Sparpreis Europa Schweiz', conditions='Ticket may...]</name>
                    <title>Search offer: select offer:  Flexpreis for 2</title>
                    <attachments/>
                    <steps/>
                </step>
                <step start="1574934863525" stop="1574934867052" status="passed">
                    <name>clickContinueButton</name>
                    <title>Upsale: Click continue button</title>
                    <attachments/>
                    <steps/>
                </step>
                <step start="1574934867054" stop="1574934867746" status="passed">
                    <name>clickContinueButton</name>
                    <title>Ticket&amp;Reservation: Click continue button</title>
                    <attachments/>
                    <steps/>
                </step>
                <step start="1574934867747" stop="1574934869086" status="passed">
                    <name>fillPas1Data[Passenger{firstName='Johny', lastName='Depp', type='Adult', birthDate='28111989', salutation='Mr', email='v...]</name>
                    <title>PassengerDetails: Fill 1 pax data Passenger{firstName='Johny', lastName='Depp', type='Adult', birthDate='28111989', salu...</title>
                    <attachments/>
                    <steps/>
                </step>
                <step start="1574934869087" stop="1574934871937" status="passed">
                    <name>collectBahnBonuses[qwe]</name>
                    <title>collect Bahn Bonuses</title>
                    <attachments/>
                    <steps/>
                </step>
                <step start="1574934872146" stop="1574934874693" status="passed">
                    <name>clickContinueButton</name>
                    <title>PassengerDetails: Click continue button</title>
                    <attachments/>
                    <steps/>
                </step>
            </steps>
            <attachments>
                <attachment title="Success listener on - International Booking" source="05fd36e5-b24a-4711-b88d-2e8df8fe7e58-attachment.png" type="image/png"/>
            </attachments>
            <labels>
                <label name="testSuite" value="Default Suite"/>
                <label name="testGroup" value="MCP"/>
                <label name="testClass" value="tests.dbmcpCC.BahnBonusPointsUITests"/>
                <label name="testMethod" value="UI_BahnBonus_LettersInCardNumber"/>
                <label name="host" value="IEVL569"/>
                <label name="thread" value="19160@IEVL569.main(1)"/>
            </labels>
        </test-case>
        <test-case start="1574934881508" stop="1574934918664" status="broken">
            <name>UI_BahnBonus_NVS_BC100_WithBahnCard25_MonoSeg_RT_1A</name>
            <failure>
                <message>ElementNotVisibleException: element not interactable
  (Session info: chrome=78.0.3904.108)
  (Driver info: chromedriver=2.43.600210 (68dcf5eebde37173d4027fa8635e332711d2874a),platform=Windows NT 10.0.17134 x86_64) (WARNING: The server did not provide any stacktrace information)
Command duration or timeout: 0 milliseconds
Build info: version: '3.11.0', revision: 'e59cfb3', time: '2018-03-11T20:26:55.152Z'
System info: host: 'IEVL569', ip: '169.254.35.181', os.name: 'Windows 10', os.arch: 'amd64', os.version: '10.0', java.version: '1.8.0_161'
Driver info: org.openqa.selenium.chrome.ChromeDriver
Capabilities {acceptInsecureCerts: true, acceptSslCerts: true, applicationCacheEnabled: false, browserConnectionEnabled: false, browserName: chrome, chrome: {chromedriverVersion: 2.43.600210 (68dcf5eebde371..., userDataDir: C:\Users\MATIUS~1\AppData\L...}, cssSelectorsEnabled: true, databaseEnabled: false, goog:chromeOptions: {debuggerAddress: localhost:57227}, handlesAlerts: true, hasTouchScreen: false, javascriptEnabled: true, locationContextEnabled: true, mobileEmulationEnabled: false, nativeEvents: true, networkConnectionEnabled: false, pageLoadStrategy: normal, platform: XP, platformName: XP, rotatable: false, setWindowRect: true, takesHeapSnapshot: true, takesScreenshot: true, unexpectedAlertBehaviour: , unhandledPromptBehavior: , version: 78.0.3904.108, webStorageEnabled: true}
Session ID: a20ba533e85b64fd08cf5f81ac50e6fb</message>
                <stack-trace>org.openqa.selenium.ElementNotVisibleException: element not interactable
  (Session info: chrome=78.0.3904.108)
  (Driver info: chromedriver=2.43.600210 (68dcf5eebde37173d4027fa8635e332711d2874a),platform=Windows NT 10.0.17134 x86_64) (WARNING: The server did not provide any stacktrace information)
Command duration or timeout: 0 milliseconds
Build info: version: '3.11.0', revision: 'e59cfb3', time: '2018-03-11T20:26:55.152Z'
System info: host: 'IEVL569', ip: '169.254.35.181', os.name: 'Windows 10', os.arch: 'amd64', os.version: '10.0', java.version: '1.8.0_161'
Driver info: org.openqa.selenium.chrome.ChromeDriver
Capabilities {acceptInsecureCerts: true, acceptSslCerts: true, applicationCacheEnabled: false, browserConnectionEnabled: false, browserName: chrome, chrome: {chromedriverVersion: 2.43.600210 (68dcf5eebde371..., userDataDir: C:\Users\MATIUS~1\AppData\L...}, cssSelectorsEnabled: true, databaseEnabled: false, goog:chromeOptions: {debuggerAddress: localhost:57227}, handlesAlerts: true, hasTouchScreen: false, javascriptEnabled: true, locationContextEnabled: true, mobileEmulationEnabled: false, nativeEvents: true, networkConnectionEnabled: false, pageLoadStrategy: normal, platform: XP, platformName: XP, rotatable: false, setWindowRect: true, takesHeapSnapshot: true, takesScreenshot: true, unexpectedAlertBehaviour: , unhandledPromptBehavior: , version: 78.0.3904.108, webStorageEnabled: true}
Session ID: a20ba533e85b64fd08cf5f81ac50e6fb
	at sun.reflect.NativeConstructorAccessorImpl.newInstance0(Native Method)
	at sun.reflect.NativeConstructorAccessorImpl.newInstance(NativeConstructorAccessorImpl.java:62)
	at sun.reflect.DelegatingConstructorAccessorImpl.newInstance(DelegatingConstructorAccessorImpl.java:45)
	at java.lang.reflect.Constructor.newInstance(Constructor.java:423)
	at org.openqa.selenium.remote.ErrorHandler.createThrowable(ErrorHandler.java:214)
	at org.openqa.selenium.remote.ErrorHandler.throwIfResponseFailed(ErrorHandler.java:166)
	at org.openqa.selenium.remote.http.JsonHttpResponseCodec.reconstructValue(JsonHttpResponseCodec.java:40)
	at org.openqa.selenium.remote.http.AbstractHttpResponseCodec.decode(AbstractHttpResponseCodec.java:80)
	at org.openqa.selenium.remote.http.AbstractHttpResponseCodec.decode(AbstractHttpResponseCodec.java:44)
	at org.openqa.selenium.remote.HttpCommandExecutor.execute(HttpCommandExecutor.java:158)
	at org.openqa.selenium.remote.service.DriverCommandExecutor.execute(DriverCommandExecutor.java:83)
	at org.openqa.selenium.remote.RemoteWebDriver.execute(RemoteWebDriver.java:545)
	at org.openqa.selenium.remote.RemoteWebElement.execute(RemoteWebElement.java:279)
	at org.openqa.selenium.remote.RemoteWebElement.click(RemoteWebElement.java:83)
	at sun.reflect.GeneratedMethodAccessor3.invoke(Unknown Source)
	at sun.reflect.DelegatingMethodAccessorImpl.invoke(DelegatingMethodAccessorImpl.java:43)
	at java.lang.reflect.Method.invoke(Method.java:498)
	at org.openqa.selenium.support.pagefactory.internal.LocatingElementHandler.invoke(LocatingElementHandler.java:51)
	at ru.yandex.qatools.htmlelements.loader.decorator.proxyhandlers.WebElementNamedProxyHandler.invoke(WebElementNamedProxyHandler.java:44)
	at com.sun.proxy.$Proxy11.click(Unknown Source)
	at pages.UpsalePage.getCompartmentHeader(UpsalePage.java:137)
	at pages.UpsalePage.selectCompartment(UpsalePage.java:147)
	at tests.dbmcpCC.BahnBonusPointsUITests.UI_BahnBonus_NVS_BC100_WithBahnCard25_MonoSeg_RT_1A(BahnBonusPointsUITests.java:331)
	at sun.reflect.NativeMethodAccessorImpl.invoke0(Native Method)
	at sun.reflect.NativeMethodAccessorImpl.invoke(NativeMethodAccessorImpl.java:62)
	at sun.reflect.DelegatingMethodAccessorImpl.invoke(DelegatingMethodAccessorImpl.java:43)
	at java.lang.reflect.Method.invoke(Method.java:498)
	at org.testng.internal.MethodInvocationHelper.invokeMethod(MethodInvocationHelper.java:104)
	at org.testng.internal.Invoker.invokeMethod(Invoker.java:645)
	at org.testng.internal.Invoker.invokeTestMethod(Invoker.java:851)
	at org.testng.internal.Invoker.invokeTestMethods(Invoker.java:1177)
	at org.testng.internal.TestMethodWorker.invokeTestMethods(TestMethodWorker.java:129)
	at org.testng.internal.TestMethodWorker.run(TestMethodWorker.java:112)
	at org.testng.TestRunner.privateRun(TestRunner.java:756)
	at org.testng.TestRunner.run(TestRunner.java:610)
	at org.testng.SuiteRunner.runTest(SuiteRunner.java:387)
	at org.testng.SuiteRunner.runSequentially(SuiteRunner.java:382)
	at org.testng.SuiteRunner.privateRun(SuiteRunner.java:340)
	at org.testng.SuiteRunner.run(SuiteRunner.java:289)
	at org.testng.SuiteRunnerWorker.runSuite(SuiteRunnerWorker.java:52)
	at org.testng.SuiteRunnerWorker.run(SuiteRunnerWorker.java:86)
	at org.testng.TestNG.runSuitesSequentially(TestNG.java:1293)
	at org.testng.TestNG.runSuitesLocally(TestNG.java:1218)
	at org.testng.TestNG.runSuites(TestNG.java:1133)
	at org.testng.TestNG.run(TestNG.java:1104)
	at org.testng.IDEARemoteTestNG.run(IDEARemoteTestNG.java:73)
	at org.testng.RemoteTestNGStarter.main(RemoteTestNGStarter.java:123)
</stack-trace>
            </failure>
            <steps>
                <step start="1574934881510" stop="1574934882558" status="passed">
                    <name>gotoUrl[https://dev2.mcp.local/en]</name>
                    <title>Go to url https://dev2.mcp.local/en</title>
                </step>
                <step start="1574934882560" stop="1574934882560" status="passed">
                    <name>setupSearchParams[Cities{id=8020347, name='Munich Hbf'}, Cities{id=8503000, name='Zürich Hb'}, 1100]</name>
                    <title>Setup search params</title>
                </step>
                <step start="1574934882561" stop="1574934882906" status="passed">
                    <name>choseDiscountCardByVisibleText[BahnCard 25, 1st class]</name>
                    <title>Search: Perform search with params</title>
                </step>
                <step start="1574934882907" stop="1574934903435" status="passed">
                    <name>makeSearch[SearchParams{stationFrom='Munich Hbf', stationTo='Zürich Hb', roundTrip=true, outwardDate='Thu, 05.12.2019', ...]</name>
                    <title>Search: Perform search with params</title>
                    <steps>
                        <step start="1574934882907" stop="1574934884166" status="passed">
                            <name>setFrom[Munich Hbf]</name>
                            <title>Set From field: Munich Hbf</title>
                        </step>
                        <step start="1574934884167" stop="1574934884995" status="passed">
                            <name>setTo[Zürich Hb]</name>
                            <title>Set To field: Zürich Hb</title>
                        </step>
                        <step start="1574934884996" stop="1574934885489" status="passed">
                            <name>setOutwardDate[Thu, 05.12.2019]</name>
                            <title>Set outward date: Thu, 05.12.2019</title>
                        </step>
                        <step start="1574934885490" stop="1574934885883" status="passed">
                            <name>setOutwardTime[1100]</name>
                            <title>Set outward time: 1100</title>
                        </step>
                        <step start="1574934885884" stop="1574934885949" status="passed">
                            <name>activateRoundTrip</name>
                            <title>Activate round trip</title>
                        </step>
                        <step start="1574934885950" stop="1574934886447" status="passed">
                            <name>setInwardDate[Fri, 06.12.2019]</name>
                            <title>Set invard date: Fri, 06.12.2019</title>
                        </step>
                        <step start="1574934886449" stop="1574934886954" status="passed">
                            <name>setInwardTime[1100]</name>
                            <title>Set inward time: 1100</title>
                        </step>
                        <step start="1574934886955" stop="1574934887073" status="passed">
                            <name>setSearchMode[Dep]</name>
                            <title>Set search mode</title>
                        </step>
                        <step start="1574934887074" stop="1574934887844" status="passed">
                            <name>setPassengers[SearchParams{stationFrom='Munich Hbf', stationTo='Zürich Hb', roundTrip=true, outwardDate='Thu, 05.12.2019...]</name>
                            <title>Set passengers</title>
                            <steps>
                                <step start="1574934887263" stop="1574934887844" status="passed">
                                    <name>setPas1BirthDate[28111989]</name>
                                    <title>Set first passenger birth date: 28111989</title>
                                </step>
                            </steps>
                        </step>
                        <step start="1574934887844" stop="1574934888750" status="passed">
                            <name>clickSearchButton</name>
                            <title>Click search button</title>
                        </step>
                        <step start="1574934888751" stop="1574934903435" status="passed">
                            <name>checkSearchIsFinished</name>
                        </step>
                    </steps>
                </step>
                <step start="1574934907075" stop="1574934908426" status="passed">
                    <name>selectConnectionByTrain[[Connection{stations=Munich Hbf
Zürich Hb, time=12:14
16:58, duration=04:44, changes=0, product=...]</name>
                    <title>ConnectionsResult: Train(s) EC</title>
                </step>
                <step start="1574934911706" stop="1574934912964" status="passed">
                    <name>selectConnectionByTrain[[Connection{stations=Zürich Hb
Munich Hbf, time=13:02
17:46, duration=04:44, changes=0, product=...]</name>
                    <title>ConnectionsResult: Train(s) EC</title>
                </step>
                <step start="1574934913738" stop="1574934917116" status="passed">
                    <name>selectFirstAvailableOffer[[Offers{offerClass=2, product='EC
2nd class', offer='Super Sparpreis Europa Schweiz', conditio...]</name>
                </step>
                <step start="1574934917117" stop="1574934917339" status="broken">
                    <name>selectCompartment[Base, Standard: seat incl.]</name>
                    <title>Upsale: Select compartment: Base for Standard: seat incl.</title>
                </step>
            </steps>
            <attachments>
                <attachment title="Fail listener on - International Booking" source="145555da-3329-4dc7-b9d9-98dbc4f5fea2-attachment.png" type="image/png"/>
            </attachments>
            <labels>
                <label name="testSuite" value="Default Suite"/>
                <label name="testGroup" value="MCP"/>
                <label name="testClass" value="tests.dbmcpCC.BahnBonusPointsUITests"/>
                <label name="testMethod" value="UI_BahnBonus_NVS_BC100_WithBahnCard25_MonoSeg_RT_1A"/>
                <label name="host" value="IEVL569"/>
                <label name="thread" value="19160@IEVL569.main(1)"/>
            </labels>
        </test-case>
        <test-case start="1574934923980" stop="1574934962029" status="broken">
            <name>UI_BahnBonus_NVS_BCB_MonoSeg_RT_1A</name>
            <failure>
                <message>ElementNotVisibleException: element not interactable
  (Session info: chrome=78.0.3904.108)
  (Driver info: chromedriver=2.43.600210 (68dcf5eebde37173d4027fa8635e332711d2874a),platform=Windows NT 10.0.17134 x86_64) (WARNING: The server did not provide any stacktrace information)
Command duration or timeout: 0 milliseconds
Build info: version: '3.11.0', revision: 'e59cfb3', time: '2018-03-11T20:26:55.152Z'
System info: host: 'IEVL569', ip: '169.254.35.181', os.name: 'Windows 10', os.arch: 'amd64', os.version: '10.0', java.version: '1.8.0_161'
Driver info: org.openqa.selenium.chrome.ChromeDriver
Capabilities {acceptInsecureCerts: true, acceptSslCerts: true, applicationCacheEnabled: false, browserConnectionEnabled: false, browserName: chrome, chrome: {chromedriverVersion: 2.43.600210 (68dcf5eebde371..., userDataDir: C:\Users\MATIUS~1\AppData\L...}, cssSelectorsEnabled: true, databaseEnabled: false, goog:chromeOptions: {debuggerAddress: localhost:57373}, handlesAlerts: true, hasTouchScreen: false, javascriptEnabled: true, locationContextEnabled: true, mobileEmulationEnabled: false, nativeEvents: true, networkConnectionEnabled: false, pageLoadStrategy: normal, platform: XP, platformName: XP, rotatable: false, setWindowRect: true, takesHeapSnapshot: true, takesScreenshot: true, unexpectedAlertBehaviour: , unhandledPromptBehavior: , version: 78.0.3904.108, webStorageEnabled: true}
Session ID: 42ed3bc7d92b4e4d09f4f3371932ba9f</message>
                <stack-trace>org.openqa.selenium.ElementNotVisibleException: element not interactable
  (Session info: chrome=78.0.3904.108)
  (Driver info: chromedriver=2.43.600210 (68dcf5eebde37173d4027fa8635e332711d2874a),platform=Windows NT 10.0.17134 x86_64) (WARNING: The server did not provide any stacktrace information)
Command duration or timeout: 0 milliseconds
Build info: version: '3.11.0', revision: 'e59cfb3', time: '2018-03-11T20:26:55.152Z'
System info: host: 'IEVL569', ip: '169.254.35.181', os.name: 'Windows 10', os.arch: 'amd64', os.version: '10.0', java.version: '1.8.0_161'
Driver info: org.openqa.selenium.chrome.ChromeDriver
Capabilities {acceptInsecureCerts: true, acceptSslCerts: true, applicationCacheEnabled: false, browserConnectionEnabled: false, browserName: chrome, chrome: {chromedriverVersion: 2.43.600210 (68dcf5eebde371..., userDataDir: C:\Users\MATIUS~1\AppData\L...}, cssSelectorsEnabled: true, databaseEnabled: false, goog:chromeOptions: {debuggerAddress: localhost:57373}, handlesAlerts: true, hasTouchScreen: false, javascriptEnabled: true, locationContextEnabled: true, mobileEmulationEnabled: false, nativeEvents: true, networkConnectionEnabled: false, pageLoadStrategy: normal, platform: XP, platformName: XP, rotatable: false, setWindowRect: true, takesHeapSnapshot: true, takesScreenshot: true, unexpectedAlertBehaviour: , unhandledPromptBehavior: , version: 78.0.3904.108, webStorageEnabled: true}
Session ID: 42ed3bc7d92b4e4d09f4f3371932ba9f
	at sun.reflect.NativeConstructorAccessorImpl.newInstance0(Native Method)
	at sun.reflect.NativeConstructorAccessorImpl.newInstance(NativeConstructorAccessorImpl.java:62)
	at sun.reflect.DelegatingConstructorAccessorImpl.newInstance(DelegatingConstructorAccessorImpl.java:45)
	at java.lang.reflect.Constructor.newInstance(Constructor.java:423)
	at org.openqa.selenium.remote.ErrorHandler.createThrowable(ErrorHandler.java:214)
	at org.openqa.selenium.remote.ErrorHandler.throwIfResponseFailed(ErrorHandler.java:166)
	at org.openqa.selenium.remote.http.JsonHttpResponseCodec.reconstructValue(JsonHttpResponseCodec.java:40)
	at org.openqa.selenium.remote.http.AbstractHttpResponseCodec.decode(AbstractHttpResponseCodec.java:80)
	at org.openqa.selenium.remote.http.AbstractHttpResponseCodec.decode(AbstractHttpResponseCodec.java:44)
	at org.openqa.selenium.remote.HttpCommandExecutor.execute(HttpCommandExecutor.java:158)
	at org.openqa.selenium.remote.service.DriverCommandExecutor.execute(DriverCommandExecutor.java:83)
	at org.openqa.selenium.remote.RemoteWebDriver.execute(RemoteWebDriver.java:545)
	at org.openqa.selenium.remote.RemoteWebElement.execute(RemoteWebElement.java:279)
	at org.openqa.selenium.remote.RemoteWebElement.click(RemoteWebElement.java:83)
	at sun.reflect.GeneratedMethodAccessor3.invoke(Unknown Source)
	at sun.reflect.DelegatingMethodAccessorImpl.invoke(DelegatingMethodAccessorImpl.java:43)
	at java.lang.reflect.Method.invoke(Method.java:498)
	at org.openqa.selenium.support.pagefactory.internal.LocatingElementHandler.invoke(LocatingElementHandler.java:51)
	at ru.yandex.qatools.htmlelements.loader.decorator.proxyhandlers.WebElementNamedProxyHandler.invoke(WebElementNamedProxyHandler.java:44)
	at com.sun.proxy.$Proxy11.click(Unknown Source)
	at pages.UpsalePage.getCompartmentHeader(UpsalePage.java:137)
	at pages.UpsalePage.selectCompartment(UpsalePage.java:147)
	at tests.dbmcpCC.BahnBonusPointsUITests.UI_BahnBonus_NVS_BCB_MonoSeg_RT_1A(BahnBonusPointsUITests.java:294)
	at sun.reflect.NativeMethodAccessorImpl.invoke0(Native Method)
	at sun.reflect.NativeMethodAccessorImpl.invoke(NativeMethodAccessorImpl.java:62)
	at sun.reflect.DelegatingMethodAccessorImpl.invoke(DelegatingMethodAccessorImpl.java:43)
	at java.lang.reflect.Method.invoke(Method.java:498)
	at org.testng.internal.MethodInvocationHelper.invokeMethod(MethodInvocationHelper.java:104)
	at org.testng.internal.Invoker.invokeMethod(Invoker.java:645)
	at org.testng.internal.Invoker.invokeTestMethod(Invoker.java:851)
	at org.testng.internal.Invoker.invokeTestMethods(Invoker.java:1177)
	at org.testng.internal.TestMethodWorker.invokeTestMethods(TestMethodWorker.java:129)
	at org.testng.internal.TestMethodWorker.run(TestMethodWorker.java:112)
	at org.testng.TestRunner.privateRun(TestRunner.java:756)
	at org.testng.TestRunner.run(TestRunner.java:610)
	at org.testng.SuiteRunner.runTest(SuiteRunner.java:387)
	at org.testng.SuiteRunner.runSequentially(SuiteRunner.java:382)
	at org.testng.SuiteRunner.privateRun(SuiteRunner.java:340)
	at org.testng.SuiteRunner.run(SuiteRunner.java:289)
	at org.testng.SuiteRunnerWorker.runSuite(SuiteRunnerWorker.java:52)
	at org.testng.SuiteRunnerWorker.run(SuiteRunnerWorker.java:86)
	at org.testng.TestNG.runSuitesSequentially(TestNG.java:1293)
	at org.testng.TestNG.runSuitesLocally(TestNG.java:1218)
	at org.testng.TestNG.runSuites(TestNG.java:1133)
	at org.testng.TestNG.run(TestNG.java:1104)
	at org.testng.IDEARemoteTestNG.run(IDEARemoteTestNG.java:73)
	at org.testng.RemoteTestNGStarter.main(RemoteTestNGStarter.java:123)
</stack-trace>
            </failure>
            <steps>
                <step start="1574934923981" stop="1574934925075" status="passed">
                    <name>gotoUrl[https://dev2.mcp.local/en]</name>
                    <title>Go to url https://dev2.mcp.local/en</title>
                </step>
                <step start="1574934925076" stop="1574934925076" status="passed">
                    <name>setupSearchParams[Cities{id=8020347, name='Munich Hbf'}, Cities{id=8503000, name='Zürich Hb'}, 1100]</name>
                    <title>Setup search params</title>
                </step>
                <step start="1574934925078" stop="1574934944735" status="passed">
                    <name>makeSearch[SearchParams{stationFrom='Munich Hbf', stationTo='Zürich Hb', roundTrip=true, outwardDate='Thu, 05.12.2019', ...]</name>
                    <title>Search: Perform search with params</title>
                    <steps>
                        <step start="1574934925079" stop="1574934926194" status="passed">
                            <name>setFrom[Munich Hbf]</name>
                            <title>Set From field: Munich Hbf</title>
                        </step>
                        <step start="1574934926196" stop="1574934927013" status="passed">
                            <name>setTo[Zürich Hb]</name>
                            <title>Set To field: Zürich Hb</title>
                        </step>
                        <step start="1574934927013" stop="1574934927477" status="passed">
                            <name>setOutwardDate[Thu, 05.12.2019]</name>
                            <title>Set outward date: Thu, 05.12.2019</title>
                        </step>
                        <step start="1574934927478" stop="1574934927876" status="passed">
                            <name>setOutwardTime[1100]</name>
                            <title>Set outward time: 1100</title>
                        </step>
                        <step start="1574934927876" stop="1574934927957" status="passed">
                            <name>activateRoundTrip</name>
                            <title>Activate round trip</title>
                        </step>
                        <step start="1574934927958" stop="1574934928396" status="passed">
                            <name>setInwardDate[Fri, 06.12.2019]</name>
                            <title>Set invard date: Fri, 06.12.2019</title>
                        </step>
                        <step start="1574934928398" stop="1574934928814" status="passed">
                            <name>setInwardTime[1100]</name>
                            <title>Set inward time: 1100</title>
                        </step>
                        <step start="1574934928815" stop="1574934928907" status="passed">
                            <name>setSearchMode[Dep]</name>
                            <title>Set search mode</title>
                        </step>
                        <step start="1574934928909" stop="1574934929562" status="passed">
                            <name>setPassengers[SearchParams{stationFrom='Munich Hbf', stationTo='Zürich Hb', roundTrip=true, outwardDate='Thu, 05.12.2019...]</name>
                            <title>Set passengers</title>
                            <steps>
                                <step start="1574934929093" stop="1574934929562" status="passed">
                                    <name>setPas1BirthDate[28111989]</name>
                                    <title>Set first passenger birth date: 28111989</title>
                                </step>
                            </steps>
                        </step>
                        <step start="1574934929562" stop="1574934930428" status="passed">
                            <name>clickSearchButton</name>
                            <title>Click search button</title>
                        </step>
                        <step start="1574934930429" stop="1574934944735" status="passed">
                            <name>checkSearchIsFinished</name>
                        </step>
                    </steps>
                </step>
                <step start="1574934947975" stop="1574934948885" status="passed">
                    <name>selectConnectionByTrain[[Connection{stations=Munich Hbf
Zürich Hb, time=12:14
16:58, duration=04:44, changes=0, product=...]</name>
                    <title>ConnectionsResult: Train(s) EC</title>
                </step>
                <step start="1574934952872" stop="1574934953939" status="passed">
                    <name>selectConnectionByTrain[[Connection{stations=Zürich Hb
Munich Hbf, time=13:02
17:46, duration=04:44, changes=0, product=...]</name>
                    <title>ConnectionsResult: Train(s) EC</title>
                </step>
                <step start="1574934955154" stop="1574934959165" status="passed">
                    <name>selectFirstAvailableOffer[[Offers{offerClass=2, product='EC
2nd class', offer='Super Sparpreis Europa Schweiz', conditio...]</name>
                </step>
                <step start="1574934959166" stop="1574934960179" status="broken">
                    <name>selectCompartment[Base, Standard: seat incl.]</name>
                    <title>Upsale: Select compartment: Base for Standard: seat incl.</title>
                </step>
            </steps>
            <attachments>
                <attachment/>
            </attachments>
            <labels>
                <label name="testSuite" value="Default Suite"/>
                <label name="testGroup" value="MCP"/>
                <label name="testClass" value="tests.dbmcpCC.BahnBonusPointsUITests"/>
                <label name="testMethod" value="UI_BahnBonus_NVS_BCB_MonoSeg_RT_1A"/>
                <label name="host" value="IEVL569"/>
                <label name="thread" value="19160@IEVL569.main(1)"/>
            </labels>
        </test-case>
        <test-case start="1574934972862" stop="1574934972862" status="broken">
            <name>setUpDriver</name>
            <description>@BeforeMethod</description>
            <failure>
                <message>SessionNotCreatedException: session not created
from chrome not reachable
  (Session info: chrome=78.0.3904.108)
  (Driver info: chromedriver=2.43.600210 (68dcf5eebde37173d4027fa8635e332711d2874a),platform=Windows NT 10.0.17134 x86_64) (WARNING: The server did not provide any stacktrace information)
Command duration or timeout: 9.54 seconds
Build info: version: '3.11.0', revision: 'e59cfb3', time: '2018-03-11T20:26:55.152Z'
System info: host: 'IEVL569', ip: '169.254.35.181', os.name: 'Windows 10', os.arch: 'amd64', os.version: '10.0', java.version: '1.8.0_161'
Driver info: driver.version: ChromeDriver</message>
                <stack-trace>org.openqa.selenium.SessionNotCreatedException: session not created
from chrome not reachable
  (Session info: chrome=78.0.3904.108)
  (Driver info: chromedriver=2.43.600210 (68dcf5eebde37173d4027fa8635e332711d2874a),platform=Windows NT 10.0.17134 x86_64) (WARNING: The server did not provide any stacktrace information)
Command duration or timeout: 9.54 seconds
Build info: version: '3.11.0', revision: 'e59cfb3', time: '2018-03-11T20:26:55.152Z'
System info: host: 'IEVL569', ip: '169.254.35.181', os.name: 'Windows 10', os.arch: 'amd64', os.version: '10.0', java.version: '1.8.0_161'
Driver info: driver.version: ChromeDriver
	at sun.reflect.NativeConstructorAccessorImpl.newInstance0(Native Method)
	at sun.reflect.NativeConstructorAccessorImpl.newInstance(NativeConstructorAccessorImpl.java:62)
	at sun.reflect.DelegatingConstructorAccessorImpl.newInstance(DelegatingConstructorAccessorImpl.java:45)
	at java.lang.reflect.Constructor.newInstance(Constructor.java:423)
	at org.openqa.selenium.remote.ErrorHandler.createThrowable(ErrorHandler.java:214)
	at org.openqa.selenium.remote.ErrorHandler.throwIfResponseFailed(ErrorHandler.java:166)
	at org.openqa.selenium.remote.JsonWireProtocolResponse.lambda$new$0(JsonWireProtocolResponse.java:53)
	at org.openqa.selenium.remote.JsonWireProtocolResponse.lambda$getResponseFunction$2(JsonWireProtocolResponse.java:91)
	at org.openqa.selenium.remote.ProtocolHandshake.lambda$createSession$0(ProtocolHandshake.java:123)
	at java.util.stream.ReferencePipeline$3$1.accept(ReferencePipeline.java:193)
	at java.util.Spliterators$ArraySpliterator.tryAdvance(Spliterators.java:958)
	at java.util.stream.ReferencePipeline.forEachWithCancel(ReferencePipeline.java:126)
	at java.util.stream.AbstractPipeline.copyIntoWithCancel(AbstractPipeline.java:498)
	at java.util.stream.AbstractPipeline.copyInto(AbstractPipeline.java:485)
	at java.util.stream.AbstractPipeline.wrapAndCopyInto(AbstractPipeline.java:471)
	at java.util.stream.FindOps$FindOp.evaluateSequential(FindOps.java:152)
	at java.util.stream.AbstractPipeline.evaluate(AbstractPipeline.java:234)
	at java.util.stream.ReferencePipeline.findFirst(ReferencePipeline.java:464)
	at org.openqa.selenium.remote.ProtocolHandshake.createSession(ProtocolHandshake.java:126)
	at org.openqa.selenium.remote.ProtocolHandshake.createSession(ProtocolHandshake.java:73)
	at org.openqa.selenium.remote.HttpCommandExecutor.execute(HttpCommandExecutor.java:136)
	at org.openqa.selenium.remote.service.DriverCommandExecutor.execute(DriverCommandExecutor.java:83)
	at org.openqa.selenium.remote.RemoteWebDriver.execute(RemoteWebDriver.java:545)
	at org.openqa.selenium.remote.RemoteWebDriver.startSession(RemoteWebDriver.java:209)
	at org.openqa.selenium.remote.RemoteWebDriver.&lt;init&gt;(RemoteWebDriver.java:132)
	at org.openqa.selenium.chrome.ChromeDriver.&lt;init&gt;(ChromeDriver.java:181)
	at org.openqa.selenium.chrome.ChromeDriver.&lt;init&gt;(ChromeDriver.java:168)
	at org.openqa.selenium.chrome.ChromeDriver.&lt;init&gt;(ChromeDriver.java:157)
	at core.browser.LocalBrowserUtils.getLocalChromeDriver(LocalBrowserUtils.java:33)
	at tests.BaseTest.setUpDriver(BaseTest.java:111)
	at sun.reflect.NativeMethodAccessorImpl.invoke0(Native Method)
	at sun.reflect.NativeMethodAccessorImpl.invoke(NativeMethodAccessorImpl.java:62)
	at sun.reflect.DelegatingMethodAccessorImpl.invoke(DelegatingMethodAccessorImpl.java:43)
	at java.lang.reflect.Method.invoke(Method.java:498)
	at org.testng.internal.MethodInvocationHelper.invokeMethod(MethodInvocationHelper.java:104)
	at org.testng.internal.Invoker.invokeConfigurationMethod(Invoker.java:515)
	at org.testng.internal.Invoker.invokeConfigurations(Invoker.java:217)
	at org.testng.internal.Invoker.invokeMethod(Invoker.java:590)
	at org.testng.internal.Invoker.invokeTestMethod(Invoker.java:851)
	at org.testng.internal.Invoker.invokeTestMethods(Invoker.java:1177)
	at org.testng.internal.TestMethodWorker.invokeTestMethods(TestMethodWorker.java:129)
	at org.testng.internal.TestMethodWorker.run(TestMethodWorker.java:112)
	at org.testng.TestRunner.privateRun(TestRunner.java:756)
	at org.testng.TestRunner.run(TestRunner.java:610)
	at org.testng.SuiteRunner.runTest(SuiteRunner.java:387)
	at org.testng.SuiteRunner.runSequentially(SuiteRunner.java:382)
	at org.testng.SuiteRunner.privateRun(SuiteRunner.java:340)
	at org.testng.SuiteRunner.run(SuiteRunner.java:289)
	at org.testng.SuiteRunnerWorker.runSuite(SuiteRunnerWorker.java:52)
	at org.testng.SuiteRunnerWorker.run(SuiteRunnerWorker.java:86)
	at org.testng.TestNG.runSuitesSequentially(TestNG.java:1293)
	at org.testng.TestNG.runSuitesLocally(TestNG.java:1218)
	at org.testng.TestNG.runSuites(TestNG.java:1133)
	at org.testng.TestNG.run(TestNG.java:1104)
	at org.testng.IDEARemoteTestNG.run(IDEARemoteTestNG.java:73)
	at org.testng.RemoteTestNGStarter.main(RemoteTestNGStarter.java:123)
</stack-trace>
            </failure>
            <steps/>
            <attachments/>
            <labels>
                <label name="host" value="IEVL569"/>
                <label name="thread" value="19160@IEVL569.main(1)"/>
            </labels>
        </test-case>
        <test-case start="1574934972863" stop="1574934972867" status="canceled">
            <name>UI_BahnBonus_NVS_BC_Business_MonoSeg_OW_1A</name>
            <failure>
                <message>: Skipped due to dependency on other skipped or failed test methods</message>
                <stack-trace>ru.yandex.qatools.allure.testng.AllureTestListener$1: Skipped due to dependency on other skipped or failed test methods
	at ru.yandex.qatools.allure.testng.AllureTestListener.fireTestCaseCancel(AllureTestListener.java:424)
	at ru.yandex.qatools.allure.testng.AllureTestListener.onTestSkipped(AllureTestListener.java:185)
	at org.testng.internal.Invoker.runTestListeners(Invoker.java:1708)
	at org.testng.internal.Invoker.runTestListeners(Invoker.java:1699)
	at org.testng.internal.Invoker.invokeMethod(Invoker.java:703)
	at org.testng.internal.Invoker.invokeTestMethod(Invoker.java:851)
	at org.testng.internal.Invoker.invokeTestMethods(Invoker.java:1177)
	at org.testng.internal.TestMethodWorker.invokeTestMethods(TestMethodWorker.java:129)
	at org.testng.internal.TestMethodWorker.run(TestMethodWorker.java:112)
	at org.testng.TestRunner.privateRun(TestRunner.java:756)
	at org.testng.TestRunner.run(TestRunner.java:610)
	at org.testng.SuiteRunner.runTest(SuiteRunner.java:387)
	at org.testng.SuiteRunner.runSequentially(SuiteRunner.java:382)
	at org.testng.SuiteRunner.privateRun(SuiteRunner.java:340)
	at org.testng.SuiteRunner.run(SuiteRunner.java:289)
	at org.testng.SuiteRunnerWorker.runSuite(SuiteRunnerWorker.java:52)
	at org.testng.SuiteRunnerWorker.run(SuiteRunnerWorker.java:86)
	at org.testng.TestNG.runSuitesSequentially(TestNG.java:1293)
	at org.testng.TestNG.runSuitesLocally(TestNG.java:1218)
	at org.testng.TestNG.runSuites(TestNG.java:1133)
	at org.testng.TestNG.run(TestNG.java:1104)
	at org.testng.IDEARemoteTestNG.run(IDEARemoteTestNG.java:73)
	at org.testng.RemoteTestNGStarter.main(RemoteTestNGStarter.java:123)
</stack-trace>
            </failure>
            <steps/>
            <attachments/>
            <labels>
                <label name="testSuite" value="Default Suite"/>
                <label name="testGroup" value="MCP"/>
                <label name="testClass" value="tests.dbmcpCC.BahnBonusPointsUITests"/>
                <label name="testMethod" value="UI_BahnBonus_NVS_BC_Business_MonoSeg_OW_1A"/>
                <label name="host" value="IEVL569"/>
                <label name="thread" value="19160@IEVL569.main(1)"/>
            </labels>
        </test-case>
        <test-case start="1574934977596" stop="1574934977597" status="canceled">
            <name>UI_BahnBonus_NVS_BC_Jahres_Card_MonoSeg_RT_2A</name>
            <failure>
                <message>: Skipped due to dependency on other skipped or failed test methods</message>
                <stack-trace>ru.yandex.qatools.allure.testng.AllureTestListener$1: Skipped due to dependency on other skipped or failed test methods
	at ru.yandex.qatools.allure.testng.AllureTestListener.fireTestCaseCancel(AllureTestListener.java:424)
	at ru.yandex.qatools.allure.testng.AllureTestListener.onTestSkipped(AllureTestListener.java:185)
	at org.testng.internal.Invoker.runTestListeners(Invoker.java:1708)
	at org.testng.internal.Invoker.runTestListeners(Invoker.java:1699)
	at org.testng.internal.Invoker.invokeMethod(Invoker.java:703)
	at org.testng.internal.Invoker.invokeTestMethod(Invoker.java:851)
	at org.testng.internal.Invoker.invokeTestMethods(Invoker.java:1177)
	at org.testng.internal.TestMethodWorker.invokeTestMethods(TestMethodWorker.java:129)
	at org.testng.internal.TestMethodWorker.run(TestMethodWorker.java:112)
	at org.testng.TestRunner.privateRun(TestRunner.java:756)
	at org.testng.TestRunner.run(TestRunner.java:610)
	at org.testng.SuiteRunner.runTest(SuiteRunner.java:387)
	at org.testng.SuiteRunner.runSequentially(SuiteRunner.java:382)
	at org.testng.SuiteRunner.privateRun(SuiteRunner.java:340)
	at org.testng.SuiteRunner.run(SuiteRunner.java:289)
	at org.testng.SuiteRunnerWorker.runSuite(SuiteRunnerWorker.java:52)
	at org.testng.SuiteRunnerWorker.run(SuiteRunnerWorker.java:86)
	at org.testng.TestNG.runSuitesSequentially(TestNG.java:1293)
	at org.testng.TestNG.runSuitesLocally(TestNG.java:1218)
	at org.testng.TestNG.runSuites(TestNG.java:1133)
	at org.testng.TestNG.run(TestNG.java:1104)
	at org.testng.IDEARemoteTestNG.run(IDEARemoteTestNG.java:73)
	at org.testng.RemoteTestNGStarter.main(RemoteTestNGStarter.java:123)
</stack-trace>
            </failure>
            <steps/>
            <attachments/>
            <labels>
                <label name="testSuite" value="Default Suite"/>
                <label name="testGroup" value="MCP"/>
                <label name="testClass" value="tests.dbmcpCC.BahnBonusPointsUITests"/>
                <label name="testMethod" value="UI_BahnBonus_NVS_BC_Jahres_Card_MonoSeg_RT_2A"/>
                <label name="host" value="IEVL569"/>
                <label name="thread" value="19160@IEVL569.main(1)"/>
            </labels>
        </test-case>
        <test-case start="1574934984416" stop="1574934984425" status="canceled">
            <name>UI_BahnBonus_NVS_BahnBonusCardNotSelected_MonoSeg_RT_1A</name>
            <failure>
                <message>: Skipped due to dependency on other skipped or failed test methods</message>
                <stack-trace>ru.yandex.qatools.allure.testng.AllureTestListener$1: Skipped due to dependency on other skipped or failed test methods
	at ru.yandex.qatools.allure.testng.AllureTestListener.fireTestCaseCancel(AllureTestListener.java:424)
	at ru.yandex.qatools.allure.testng.AllureTestListener.onTestSkipped(AllureTestListener.java:185)
	at org.testng.internal.Invoker.runTestListeners(Invoker.java:1708)
	at org.testng.internal.Invoker.runTestListeners(Invoker.java:1699)
	at org.testng.internal.Invoker.invokeMethod(Invoker.java:703)
	at org.testng.internal.Invoker.invokeTestMethod(Invoker.java:851)
	at org.testng.internal.Invoker.invokeTestMethods(Invoker.java:1177)
	at org.testng.internal.TestMethodWorker.invokeTestMethods(TestMethodWorker.java:129)
	at org.testng.internal.TestMethodWorker.run(TestMethodWorker.java:112)
	at org.testng.TestRunner.privateRun(TestRunner.java:756)
	at org.testng.TestRunner.run(TestRunner.java:610)
	at org.testng.SuiteRunner.runTest(SuiteRunner.java:387)
	at org.testng.SuiteRunner.runSequentially(SuiteRunner.java:382)
	at org.testng.SuiteRunner.privateRun(SuiteRunner.java:340)
	at org.testng.SuiteRunner.run(SuiteRunner.java:289)
	at org.testng.SuiteRunnerWorker.runSuite(SuiteRunnerWorker.java:52)
	at org.testng.SuiteRunnerWorker.run(SuiteRunnerWorker.java:86)
	at org.testng.TestNG.runSuitesSequentially(TestNG.java:1293)
	at org.testng.TestNG.runSuitesLocally(TestNG.java:1218)
	at org.testng.TestNG.runSuites(TestNG.java:1133)
	at org.testng.TestNG.run(TestNG.java:1104)
	at org.testng.IDEARemoteTestNG.run(IDEARemoteTestNG.java:73)
	at org.testng.RemoteTestNGStarter.main(RemoteTestNGStarter.java:123)
</stack-trace>
            </failure>
            <steps/>
            <attachments/>
            <labels>
                <label name="testSuite" value="Default Suite"/>
                <label name="testGroup" value="MCP"/>
                <label name="testClass" value="tests.dbmcpCC.BahnBonusPointsUITests"/>
                <label name="testMethod" value="UI_BahnBonus_NVS_BahnBonusCardNotSelected_MonoSeg_RT_1A"/>
                <label name="host" value="IEVL569"/>
                <label name="thread" value="19160@IEVL569.main(1)"/>
            </labels>
        </test-case>
        <test-case start="1574934991305" stop="1574934991307" status="canceled">
            <name>UI_BahnBonus_NVS_NotCollectingBonuses_OW_1A</name>
            <failure>
                <message>: Skipped due to dependency on other skipped or failed test methods</message>
                <stack-trace>ru.yandex.qatools.allure.testng.AllureTestListener$1: Skipped due to dependency on other skipped or failed test methods
	at ru.yandex.qatools.allure.testng.AllureTestListener.fireTestCaseCancel(AllureTestListener.java:424)
	at ru.yandex.qatools.allure.testng.AllureTestListener.onTestSkipped(AllureTestListener.java:185)
	at org.testng.internal.Invoker.runTestListeners(Invoker.java:1708)
	at org.testng.internal.Invoker.runTestListeners(Invoker.java:1699)
	at org.testng.internal.Invoker.invokeMethod(Invoker.java:703)
	at org.testng.internal.Invoker.invokeTestMethod(Invoker.java:851)
	at org.testng.internal.Invoker.invokeTestMethods(Invoker.java:1177)
	at org.testng.internal.TestMethodWorker.invokeTestMethods(TestMethodWorker.java:129)
	at org.testng.internal.TestMethodWorker.run(TestMethodWorker.java:112)
	at org.testng.TestRunner.privateRun(TestRunner.java:756)
	at org.testng.TestRunner.run(TestRunner.java:610)
	at org.testng.SuiteRunner.runTest(SuiteRunner.java:387)
	at org.testng.SuiteRunner.runSequentially(SuiteRunner.java:382)
	at org.testng.SuiteRunner.privateRun(SuiteRunner.java:340)
	at org.testng.SuiteRunner.run(SuiteRunner.java:289)
	at org.testng.SuiteRunnerWorker.runSuite(SuiteRunnerWorker.java:52)
	at org.testng.SuiteRunnerWorker.run(SuiteRunnerWorker.java:86)
	at org.testng.TestNG.runSuitesSequentially(TestNG.java:1293)
	at org.testng.TestNG.runSuitesLocally(TestNG.java:1218)
	at org.testng.TestNG.runSuites(TestNG.java:1133)
	at org.testng.TestNG.run(TestNG.java:1104)
	at org.testng.IDEARemoteTestNG.run(IDEARemoteTestNG.java:73)
	at org.testng.RemoteTestNGStarter.main(RemoteTestNGStarter.java:123)
</stack-trace>
            </failure>
            <steps/>
            <attachments/>
            <labels>
                <label name="testSuite" value="Default Suite"/>
                <label name="testGroup" value="MCP"/>
                <label name="testClass" value="tests.dbmcpCC.BahnBonusPointsUITests"/>
                <label name="testMethod" value="UI_BahnBonus_NVS_NotCollectingBonuses_OW_1A"/>
                <label name="host" value="IEVL569"/>
                <label name="thread" value="19160@IEVL569.main(1)"/>
            </labels>
        </test-case>
        <test-case start="1574934997888" stop="1574934997890" status="canceled">
            <name>UI_BahnBonus_NVS_OBB_MultiSegWithBahnBonus_OW_1A</name>
            <failure>
                <message>: Skipped due to dependency on other skipped or failed test methods</message>
                <stack-trace>ru.yandex.qatools.allure.testng.AllureTestListener$1: Skipped due to dependency on other skipped or failed test methods
	at ru.yandex.qatools.allure.testng.AllureTestListener.fireTestCaseCancel(AllureTestListener.java:424)
	at ru.yandex.qatools.allure.testng.AllureTestListener.onTestSkipped(AllureTestListener.java:185)
	at org.testng.internal.Invoker.runTestListeners(Invoker.java:1708)
	at org.testng.internal.Invoker.runTestListeners(Invoker.java:1699)
	at org.testng.internal.Invoker.invokeMethod(Invoker.java:703)
	at org.testng.internal.Invoker.invokeTestMethod(Invoker.java:851)
	at org.testng.internal.Invoker.invokeTestMethods(Invoker.java:1177)
	at org.testng.internal.TestMethodWorker.invokeTestMethods(TestMethodWorker.java:129)
	at org.testng.internal.TestMethodWorker.run(TestMethodWorker.java:112)
	at org.testng.TestRunner.privateRun(TestRunner.java:756)
	at org.testng.TestRunner.run(TestRunner.java:610)
	at org.testng.SuiteRunner.runTest(SuiteRunner.java:387)
	at org.testng.SuiteRunner.runSequentially(SuiteRunner.java:382)
	at org.testng.SuiteRunner.privateRun(SuiteRunner.java:340)
	at org.testng.SuiteRunner.run(SuiteRunner.java:289)
	at org.testng.SuiteRunnerWorker.runSuite(SuiteRunnerWorker.java:52)
	at org.testng.SuiteRunnerWorker.run(SuiteRunnerWorker.java:86)
	at org.testng.TestNG.runSuitesSequentially(TestNG.java:1293)
	at org.testng.TestNG.runSuitesLocally(TestNG.java:1218)
	at org.testng.TestNG.runSuites(TestNG.java:1133)
	at org.testng.TestNG.run(TestNG.java:1104)
	at org.testng.IDEARemoteTestNG.run(IDEARemoteTestNG.java:73)
	at org.testng.RemoteTestNGStarter.main(RemoteTestNGStarter.java:123)
</stack-trace>
            </failure>
            <steps/>
            <attachments/>
            <labels>
                <label name="testSuite" value="Default Suite"/>
                <label name="testGroup" value="MCP"/>
                <label name="testClass" value="tests.dbmcpCC.BahnBonusPointsUITests"/>
                <label name="testMethod" value="UI_BahnBonus_NVS_OBB_MultiSegWithBahnBonus_OW_1A"/>
                <label name="host" value="IEVL569"/>
                <label name="thread" value="19160@IEVL569.main(1)"/>
            </labels>
        </test-case>
        <test-case start="1574935004614" stop="1574935004616" status="canceled">
            <name>UI_BahnBonus_NVS_SBB_PAO_MultiSegWithBahnBonus_OW_1A</name>
            <failure>
                <message>: Skipped due to dependency on other skipped or failed test methods</message>
                <stack-trace>ru.yandex.qatools.allure.testng.AllureTestListener$1: Skipped due to dependency on other skipped or failed test methods
	at ru.yandex.qatools.allure.testng.AllureTestListener.fireTestCaseCancel(AllureTestListener.java:424)
	at ru.yandex.qatools.allure.testng.AllureTestListener.onTestSkipped(AllureTestListener.java:185)
	at org.testng.internal.Invoker.runTestListeners(Invoker.java:1708)
	at org.testng.internal.Invoker.runTestListeners(Invoker.java:1699)
	at org.testng.internal.Invoker.invokeMethod(Invoker.java:703)
	at org.testng.internal.Invoker.invokeTestMethod(Invoker.java:851)
	at org.testng.internal.Invoker.invokeTestMethods(Invoker.java:1177)
	at org.testng.internal.TestMethodWorker.invokeTestMethods(TestMethodWorker.java:129)
	at org.testng.internal.TestMethodWorker.run(TestMethodWorker.java:112)
	at org.testng.TestRunner.privateRun(TestRunner.java:756)
	at org.testng.TestRunner.run(TestRunner.java:610)
	at org.testng.SuiteRunner.runTest(SuiteRunner.java:387)
	at org.testng.SuiteRunner.runSequentially(SuiteRunner.java:382)
	at org.testng.SuiteRunner.privateRun(SuiteRunner.java:340)
	at org.testng.SuiteRunner.run(SuiteRunner.java:289)
	at org.testng.SuiteRunnerWorker.runSuite(SuiteRunnerWorker.java:52)
	at org.testng.SuiteRunnerWorker.run(SuiteRunnerWorker.java:86)
	at org.testng.TestNG.runSuitesSequentially(TestNG.java:1293)
	at org.testng.TestNG.runSuitesLocally(TestNG.java:1218)
	at org.testng.TestNG.runSuites(TestNG.java:1133)
	at org.testng.TestNG.run(TestNG.java:1104)
	at org.testng.IDEARemoteTestNG.run(IDEARemoteTestNG.java:73)
	at org.testng.RemoteTestNGStarter.main(RemoteTestNGStarter.java:123)
</stack-trace>
            </failure>
            <steps/>
            <attachments/>
            <labels>
                <label name="testSuite" value="Default Suite"/>
                <label name="testGroup" value="MCP"/>
                <label name="testClass" value="tests.dbmcpCC.BahnBonusPointsUITests"/>
                <label name="testMethod" value="UI_BahnBonus_NVS_SBB_PAO_MultiSegWithBahnBonus_OW_1A"/>
                <label name="host" value="IEVL569"/>
                <label name="thread" value="19160@IEVL569.main(1)"/>
            </labels>
        </test-case>
        <test-case start="1574935010727" stop="1574935010729" status="canceled">
            <name>UI_BahnBonus_Out_of_Range_CardNumber</name>
            <failure>
                <message>: Skipped due to dependency on other skipped or failed test methods</message>
                <stack-trace>ru.yandex.qatools.allure.testng.AllureTestListener$1: Skipped due to dependency on other skipped or failed test methods
	at ru.yandex.qatools.allure.testng.AllureTestListener.fireTestCaseCancel(AllureTestListener.java:424)
	at ru.yandex.qatools.allure.testng.AllureTestListener.onTestSkipped(AllureTestListener.java:185)
	at org.testng.internal.Invoker.runTestListeners(Invoker.java:1708)
	at org.testng.internal.Invoker.runTestListeners(Invoker.java:1699)
	at org.testng.internal.Invoker.invokeMethod(Invoker.java:703)
	at org.testng.internal.Invoker.invokeTestMethod(Invoker.java:851)
	at org.testng.internal.Invoker.invokeTestMethods(Invoker.java:1177)
	at org.testng.internal.TestMethodWorker.invokeTestMethods(TestMethodWorker.java:129)
	at org.testng.internal.TestMethodWorker.run(TestMethodWorker.java:112)
	at org.testng.TestRunner.privateRun(TestRunner.java:756)
	at org.testng.TestRunner.run(TestRunner.java:610)
	at org.testng.SuiteRunner.runTest(SuiteRunner.java:387)
	at org.testng.SuiteRunner.runSequentially(SuiteRunner.java:382)
	at org.testng.SuiteRunner.privateRun(SuiteRunner.java:340)
	at org.testng.SuiteRunner.run(SuiteRunner.java:289)
	at org.testng.SuiteRunnerWorker.runSuite(SuiteRunnerWorker.java:52)
	at org.testng.SuiteRunnerWorker.run(SuiteRunnerWorker.java:86)
	at org.testng.TestNG.runSuitesSequentially(TestNG.java:1293)
	at org.testng.TestNG.runSuitesLocally(TestNG.java:1218)
	at org.testng.TestNG.runSuites(TestNG.java:1133)
	at org.testng.TestNG.run(TestNG.java:1104)
	at org.testng.IDEARemoteTestNG.run(IDEARemoteTestNG.java:73)
	at org.testng.RemoteTestNGStarter.main(RemoteTestNGStarter.java:123)
</stack-trace>
            </failure>
            <steps/>
            <attachments/>
            <labels>
                <label name="testSuite" value="Default Suite"/>
                <label name="testGroup" value="MCP"/>
                <label name="testClass" value="tests.dbmcpCC.BahnBonusPointsUITests"/>
                <label name="testMethod" value="UI_BahnBonus_Out_of_Range_CardNumber"/>
                <label name="host" value="IEVL569"/>
                <label name="thread" value="19160@IEVL569.main(1)"/>
            </labels>
        </test-case>
        <test-case start="1574935016278" stop="1574935016280" status="canceled">
            <name>UI_BahnBonus_ShortCardNumber</name>
            <failure>
                <message>: Skipped due to dependency on other skipped or failed test methods</message>
                <stack-trace>ru.yandex.qatools.allure.testng.AllureTestListener$1: Skipped due to dependency on other skipped or failed test methods
	at ru.yandex.qatools.allure.testng.AllureTestListener.fireTestCaseCancel(AllureTestListener.java:424)
	at ru.yandex.qatools.allure.testng.AllureTestListener.onTestSkipped(AllureTestListener.java:185)
	at org.testng.internal.Invoker.runTestListeners(Invoker.java:1708)
	at org.testng.internal.Invoker.runTestListeners(Invoker.java:1699)
	at org.testng.internal.Invoker.invokeMethod(Invoker.java:703)
	at org.testng.internal.Invoker.invokeTestMethod(Invoker.java:851)
	at org.testng.internal.Invoker.invokeTestMethods(Invoker.java:1177)
	at org.testng.internal.TestMethodWorker.invokeTestMethods(TestMethodWorker.java:129)
	at org.testng.internal.TestMethodWorker.run(TestMethodWorker.java:112)
	at org.testng.TestRunner.privateRun(TestRunner.java:756)
	at org.testng.TestRunner.run(TestRunner.java:610)
	at org.testng.SuiteRunner.runTest(SuiteRunner.java:387)
	at org.testng.SuiteRunner.runSequentially(SuiteRunner.java:382)
	at org.testng.SuiteRunner.privateRun(SuiteRunner.java:340)
	at org.testng.SuiteRunner.run(SuiteRunner.java:289)
	at org.testng.SuiteRunnerWorker.runSuite(SuiteRunnerWorker.java:52)
	at org.testng.SuiteRunnerWorker.run(SuiteRunnerWorker.java:86)
	at org.testng.TestNG.runSuitesSequentially(TestNG.java:1293)
	at org.testng.TestNG.runSuitesLocally(TestNG.java:1218)
	at org.testng.TestNG.runSuites(TestNG.java:1133)
	at org.testng.TestNG.run(TestNG.java:1104)
	at org.testng.IDEARemoteTestNG.run(IDEARemoteTestNG.java:73)
	at org.testng.RemoteTestNGStarter.main(RemoteTestNGStarter.java:123)
</stack-trace>
            </failure>
            <steps/>
            <attachments/>
            <labels>
                <label name="testSuite" value="Default Suite"/>
                <label name="testGroup" value="MCP"/>
                <label name="testClass" value="tests.dbmcpCC.BahnBonusPointsUITests"/>
                <label name="testMethod" value="UI_BahnBonus_ShortCardNumber"/>
                <label name="host" value="IEVL569"/>
                <label name="thread" value="19160@IEVL569.main(1)"/>
            </labels>
        </test-case>
    </test-cases>
    <labels>
        <label name="framework" value="TestNG"/>
        <label name="language" value="JAVA"/>
    </labels>
</ns2:test-suite>
