<?xml version="1.0" encoding="UTF-8" standalone="yes"?>
<ns2:test-suite start="1574940899694" stop="1574941045586" version="1.5.0" xmlns:ns2="urn:model.allure.qatools.yandex.ru">
    <name>Default Suite : MCP</name>
    <title>Default Suite : MCP</title>
    <test-cases>
        <test-case start="1574940907192" stop="1574941044855" status="broken">
            <name>UI_BahnBonus_NVS_SBB_PAO_MultiSegWithBahnBonus_OW_1A</name>
            <failure>
                <message>TimeoutException: Expected condition failed: waiting for element to be clickable: Continue Button (tried for 100 second(s) with 500 milliseconds interval)</message>
                <stack-trace>org.openqa.selenium.TimeoutException: Expected condition failed: waiting for element to be clickable: Continue Button (tried for 100 second(s) with 500 milliseconds interval)
	at org.openqa.selenium.support.ui.WebDriverWait.timeoutException(WebDriverWait.java:81)
	at org.openqa.selenium.support.ui.FluentWait.until(FluentWait.java:271)
	at pages.BasePage.waitForElement(BasePage.java:49)
	at pages.UpsalePage.clickContinueButton(UpsalePage.java:87)
	at tests.dbmcpCC.BahnBonusPointsUITests.UI_BahnBonus_NVS_SBB_PAO_MultiSegWithBahnBonus_OW_1A(BahnBonusPointsUITests.java:265)
	at sun.reflect.NativeMethodAccessorImpl.invoke0(Native Method)
	at sun.reflect.NativeMethodAccessorImpl.invoke(NativeMethodAccessorImpl.java:62)
	at sun.reflect.DelegatingMethodAccessorImpl.invoke(DelegatingMethodAccessorImpl.java:43)
	at java.lang.reflect.Method.invoke(Method.java:498)
	at org.testng.internal.MethodInvocationHelper.invokeMethod(MethodInvocationHelper.java:104)
	at org.testng.internal.Invoker.invokeMethod(Invoker.java:645)
	at org.testng.internal.Invoker.invokeTestMethod(Invoker.java:851)
	at org.testng.internal.Invoker.invokeTestMethods(Invoker.java:1177)
	at org.testng.internal.TestMethodWorker.invokeTestMethods(TestMethodWorker.java:129)
	at org.testng.internal.TestMethodWorker.run(TestMethodWorker.java:112)
	at org.testng.TestRunner.privateRun(TestRunner.java:756)
	at org.testng.TestRunner.run(TestRunner.java:610)
	at org.testng.SuiteRunner.runTest(SuiteRunner.java:387)
	at org.testng.SuiteRunner.runSequentially(SuiteRunner.java:382)
	at org.testng.SuiteRunner.privateRun(SuiteRunner.java:340)
	at org.testng.SuiteRunner.run(SuiteRunner.java:289)
	at org.testng.SuiteRunnerWorker.runSuite(SuiteRunnerWorker.java:52)
	at org.testng.SuiteRunnerWorker.run(SuiteRunnerWorker.java:86)
	at org.testng.TestNG.runSuitesSequentially(TestNG.java:1293)
	at org.testng.TestNG.runSuitesLocally(TestNG.java:1218)
	at org.testng.TestNG.runSuites(TestNG.java:1133)
	at org.testng.TestNG.run(TestNG.java:1104)
	at org.testng.IDEARemoteTestNG.run(IDEARemoteTestNG.java:73)
	at org.testng.RemoteTestNGStarter.main(RemoteTestNGStarter.java:123)
Caused by: org.openqa.selenium.NoSuchElementException: Timed out after 5 seconds. Unable to locate the element
	at org.openqa.selenium.support.pagefactory.AjaxElementLocator.findElement(AjaxElementLocator.java:90)
	at org.openqa.selenium.support.pagefactory.internal.LocatingElementHandler.invoke(LocatingElementHandler.java:38)
	at ru.yandex.qatools.htmlelements.loader.decorator.proxyhandlers.WebElementNamedProxyHandler.invoke(WebElementNamedProxyHandler.java:44)
	at com.sun.proxy.$Proxy11.isDisplayed(Unknown Source)
	at org.openqa.selenium.support.ui.ExpectedConditions.elementIfVisible(ExpectedConditions.java:315)
	at org.openqa.selenium.support.ui.ExpectedConditions.access$100(ExpectedConditions.java:44)
	at org.openqa.selenium.support.ui.ExpectedConditions$10.apply(ExpectedConditions.java:301)
	at org.openqa.selenium.support.ui.ExpectedConditions$10.apply(ExpectedConditions.java:298)
	at org.openqa.selenium.support.ui.ExpectedConditions$23.apply(ExpectedConditions.java:686)
	at org.openqa.selenium.support.ui.ExpectedConditions$23.apply(ExpectedConditions.java:682)
	at org.openqa.selenium.support.ui.FluentWait.until(FluentWait.java:248)
	... 27 more
Caused by: org.openqa.selenium.NoSuchElementException: no such element: Unable to locate element: {"method":"xpath","selector":"//*[text()='Continue']"}
  (Session info: chrome=78.0.3904.108)
  (Driver info: chromedriver=2.43.600210 (68dcf5eebde37173d4027fa8635e332711d2874a),platform=Windows NT 10.0.17134 x86_64) (WARNING: The server did not provide any stacktrace information)
Command duration or timeout: 0 milliseconds
For documentation on this error, please visit: http://seleniumhq.org/exceptions/no_such_element.html
Build info: version: '3.11.0', revision: 'e59cfb3', time: '2018-03-11T20:26:55.152Z'
System info: host: 'IEVL569', ip: '169.254.35.181', os.name: 'Windows 10', os.arch: 'amd64', os.version: '10.0', java.version: '1.8.0_161'
Driver info: org.openqa.selenium.chrome.ChromeDriver
Capabilities {acceptInsecureCerts: true, acceptSslCerts: true, applicationCacheEnabled: false, browserConnectionEnabled: false, browserName: chrome, chrome: {chromedriverVersion: 2.43.600210 (68dcf5eebde371..., userDataDir: C:\Users\MATIUS~1\AppData\L...}, cssSelectorsEnabled: true, databaseEnabled: false, goog:chromeOptions: {debuggerAddress: localhost:51529}, handlesAlerts: true, hasTouchScreen: false, javascriptEnabled: true, locationContextEnabled: true, mobileEmulationEnabled: false, nativeEvents: true, networkConnectionEnabled: false, pageLoadStrategy: normal, platform: XP, platformName: XP, rotatable: false, setWindowRect: true, takesHeapSnapshot: true, takesScreenshot: true, unexpectedAlertBehaviour: , unhandledPromptBehavior: , version: 78.0.3904.108, webStorageEnabled: true}
Session ID: 090cdce3fde152525383e611638b2844
*** Element info: {Using=xpath, value=//*[text()='Continue']}
	at sun.reflect.GeneratedConstructorAccessor18.newInstance(Unknown Source)
	at sun.reflect.DelegatingConstructorAccessorImpl.newInstance(DelegatingConstructorAccessorImpl.java:45)
	at java.lang.reflect.Constructor.newInstance(Constructor.java:423)
	at org.openqa.selenium.remote.ErrorHandler.createThrowable(ErrorHandler.java:214)
	at org.openqa.selenium.remote.ErrorHandler.throwIfResponseFailed(ErrorHandler.java:166)
	at org.openqa.selenium.remote.http.JsonHttpResponseCodec.reconstructValue(JsonHttpResponseCodec.java:40)
	at org.openqa.selenium.remote.http.AbstractHttpResponseCodec.decode(AbstractHttpResponseCodec.java:80)
	at org.openqa.selenium.remote.http.AbstractHttpResponseCodec.decode(AbstractHttpResponseCodec.java:44)
	at org.openqa.selenium.remote.HttpCommandExecutor.execute(HttpCommandExecutor.java:158)
	at org.openqa.selenium.remote.service.DriverCommandExecutor.execute(DriverCommandExecutor.java:83)
	at org.openqa.selenium.remote.RemoteWebDriver.execute(RemoteWebDriver.java:545)
	at org.openqa.selenium.remote.RemoteWebDriver.findElement(RemoteWebDriver.java:319)
	at org.openqa.selenium.remote.RemoteWebDriver.findElementByXPath(RemoteWebDriver.java:421)
	at org.openqa.selenium.By$ByXPath.findElement(By.java:361)
	at org.openqa.selenium.remote.RemoteWebDriver.findElement(RemoteWebDriver.java:311)
	at org.openqa.selenium.support.pagefactory.DefaultElementLocator.findElement(DefaultElementLocator.java:69)
	at org.openqa.selenium.support.pagefactory.AjaxElementLocator.access$001(AjaxElementLocator.java:40)
	at org.openqa.selenium.support.pagefactory.AjaxElementLocator$SlowLoadingElement.isLoaded(AjaxElementLocator.java:156)
	at org.openqa.selenium.support.ui.SlowLoadableComponent.get(SlowLoadableComponent.java:69)
	at org.openqa.selenium.support.pagefactory.AjaxElementLocator.findElement(AjaxElementLocator.java:86)
	... 37 more
</stack-trace>
            </failure>
            <steps>
                <step start="1574940907227" stop="1574940908506" status="passed">
                    <name>gotoUrl[https://dev2.mcp.local/en]</name>
                    <title>Go to url https://dev2.mcp.local/en</title>
                </step>
                <step start="1574940908509" stop="1574940908696" status="passed">
                    <name>setupSearchParams[Cities{id=8108000, name='Vienna Central Station'}, Cities{id=8775100, name='Marseille St. Charles'}, 1...]</name>
                    <title>Setup search params</title>
                </step>
                <step start="1574940908706" stop="1574940934503" status="passed">
                    <name>makeSearch[SearchParams{stationFrom='Vienna Central Station', stationTo='Marseille St. Charles', roundTrip=false, outwar...]</name>
                    <title>Search: Perform search with params</title>
                    <steps>
                        <step start="1574940908708" stop="1574940910017" status="passed">
                            <name>setFrom[Vienna Central Station]</name>
                            <title>Set From field: Vienna Central Station</title>
                        </step>
                        <step start="1574940910019" stop="1574940910953" status="passed">
                            <name>setTo[Marseille St. Charles]</name>
                            <title>Set To field: Marseille St. Charles</title>
                        </step>
                        <step start="1574940910954" stop="1574940911434" status="passed">
                            <name>setOutwardDate[Thu, 12.12.2019]</name>
                            <title>Set outward date: Thu, 12.12.2019</title>
                        </step>
                        <step start="1574940911435" stop="1574940911876" status="passed">
                            <name>setOutwardTime[11:17]</name>
                            <title>Set outward time: 11:17</title>
                        </step>
                        <step start="1574940911877" stop="1574940911989" status="passed">
                            <name>setSearchMode[Dep]</name>
                            <title>Set search mode</title>
                        </step>
                        <step start="1574940911990" stop="1574940912671" status="passed">
                            <name>setPassengers[SearchParams{stationFrom='Vienna Central Station', stationTo='Marseille St. Charles', roundTrip=false, out...]</name>
                            <title>Set passengers</title>
                            <steps>
                                <step start="1574940912173" stop="1574940912671" status="passed">
                                    <name>setPas1BirthDate[28111989]</name>
                                    <title>Set first passenger birth date: 28111989</title>
                                </step>
                            </steps>
                        </step>
                        <step start="1574940912672" stop="1574940913544" status="passed">
                            <name>clickSearchButton</name>
                            <title>Click search button</title>
                        </step>
                        <step start="1574940913545" stop="1574940934503" status="passed">
                            <name>checkSearchIsFinished</name>
                        </step>
                    </steps>
                </step>
                <step start="1574940936977" stop="1574940938234" status="passed">
                    <name>selectConnectionByTrain[[Connection{stations=Vienna Central Station
Marseille St. Charles, time=11:30
09:42, duration=22...]</name>
                    <title>ConnectionsResult: Train(s) RJX, EC, TGV, TGV DUPLEX</title>
                </step>
                <step start="1574940938936" stop="1574940939009" status="passed">
                    <name>selectOffer[[Offers{offerClass=2, product='RJX
2nd class', offer='Standard-Ticket', conditions='Ticket can be exchanged ...]</name>
                    <title>Search offer: select offer:  Super Sparpreis Europa Frankreich for 2</title>
                </step>
                <step start="1574940939010" stop="1574941043258" status="broken">
                    <name>clickContinueButton</name>
                    <title>Upsale: Click continue button</title>
                </step>
            </steps>
            <attachments>
                <attachment title="Fail listener on - International Booking" source="70326588-8dd1-4b7f-858f-cb5dc1dfe1b3-attachment.png" type="image/png"/>
            </attachments>
            <labels>
                <label name="testSuite" value="Default Suite"/>
                <label name="testGroup" value="MCP"/>
                <label name="testClass" value="tests.dbmcpCC.BahnBonusPointsUITests"/>
                <label name="testMethod" value="UI_BahnBonus_NVS_SBB_PAO_MultiSegWithBahnBonus_OW_1A"/>
                <label name="host" value="IEVL569"/>
                <label name="thread" value="25324@IEVL569.main(1)"/>
            </labels>
        </test-case>
    </test-cases>
    <labels>
        <label name="framework" value="TestNG"/>
        <label name="language" value="JAVA"/>
    </labels>
</ns2:test-suite>
